  [1m[35m (327.0ms)[0m  [1m[35mCREATE DATABASE "ninety_nine_cats_development" ENCODING = 'unicode'[0m
  [1m[35m (172.4ms)[0m  [1m[35mCREATE DATABASE "ninety_nine_cats_test" ENCODING = 'unicode'[0m
  [1m[35m (19.1ms)[0m  [1m[35mCREATE TABLE "schema_migrations" ("version" character varying NOT NULL PRIMARY KEY)[0m
  [1m[35m (5.7ms)[0m  [1m[35mCREATE TABLE "ar_internal_metadata" ("key" character varying NOT NULL PRIMARY KEY, "value" character varying, "created_at" timestamp(6) NOT NULL, "updated_at" timestamp(6) NOT NULL)[0m
  [1m[35m (0.4ms)[0m  [1m[34mSELECT pg_try_advisory_lock(723150122408807205)[0m
  [1m[36mActiveRecord::SchemaMigration Pluck (0.5ms)[0m  [1m[34mSELECT "schema_migrations"."version" FROM "schema_migrations" ORDER BY "schema_migrations"."version" ASC[0m
Migrating to CreateCats (20221111223750)
  [1m[36mTRANSACTION (13.1ms)[0m  [1m[35mBEGIN[0m
  [1m[35m (5.2ms)[0m  [1m[35mCREATE TABLE "cats" ("id" bigserial primary key, "birth_date" date NOT NULL, "color" character varying NOT NULL, "name" character varying NOT NULL, "sex" character varying(1) NOT NULL, "description" text, "created_at" timestamp(6) NOT NULL, "updated_at" timestamp(6) NOT NULL)[0m
  [1m[36mActiveRecord::SchemaMigration Create (0.7ms)[0m  [1m[32mINSERT INTO "schema_migrations" ("version") VALUES ($1) RETURNING "version"[0m  [["version", "20221111223750"]]
  [1m[36mTRANSACTION (0.3ms)[0m  [1m[35mCOMMIT[0m
  [1m[36mActiveRecord::InternalMetadata Load (0.4ms)[0m  [1m[34mSELECT "ar_internal_metadata".* FROM "ar_internal_metadata" WHERE "ar_internal_metadata"."key" = $1 LIMIT $2[0m  [["key", "environment"], ["LIMIT", 1]]
  [1m[36mTRANSACTION (0.3ms)[0m  [1m[35mBEGIN[0m
  [1m[36mActiveRecord::InternalMetadata Create (19.1ms)[0m  [1m[32mINSERT INTO "ar_internal_metadata" ("key", "value", "created_at", "updated_at") VALUES ($1, $2, $3, $4) RETURNING "key"[0m  [["key", "environment"], ["value", "development"], ["created_at", "2022-11-11 22:41:30.353137"], ["updated_at", "2022-11-11 22:41:30.353137"]]
  [1m[36mTRANSACTION (0.2ms)[0m  [1m[35mCOMMIT[0m
  [1m[35m (0.2ms)[0m  [1m[34mSELECT pg_advisory_unlock(723150122408807205)[0m
  [1m[36mActiveRecord::SchemaMigration Pluck (1.2ms)[0m  [1m[34mSELECT "schema_migrations"."version" FROM "schema_migrations" ORDER BY "schema_migrations"."version" ASC[0m
  [1m[36mCat Load (1.1ms)[0m  [1m[34mSELECT "cats".* FROM "cats"[0m
  [1m[36mTRANSACTION (0.2ms)[0m  [1m[35mBEGIN[0m
  [1m[36mCat Create (11.8ms)[0m  [1m[32mINSERT INTO "cats" ("birth_date", "color", "name", "sex", "description", "created_at", "updated_at") VALUES ($1, $2, $3, $4, $5, $6, $7) RETURNING "id"[0m  [["birth_date", "2015-01-20"], ["color", "white"], ["name", "bob"], ["sex", "F"], ["description", nil], ["created_at", "2022-11-11 22:59:40.588145"], ["updated_at", "2022-11-11 22:59:40.588145"]]
  [1m[36mTRANSACTION (1.2ms)[0m  [1m[35mCOMMIT[0m
  [1m[36mCat Load (0.4ms)[0m  [1m[34mSELECT "cats".* FROM "cats"[0m
  [1m[36mTRANSACTION (0.1ms)[0m  [1m[35mBEGIN[0m
  [1m[36mCat Create (0.5ms)[0m  [1m[32mINSERT INTO "cats" ("birth_date", "color", "name", "sex", "description", "created_at", "updated_at") VALUES ($1, $2, $3, $4, $5, $6, $7) RETURNING "id"[0m  [["birth_date", "2015-01-20"], ["color", "white"], ["name", "jack"], ["sex", "F"], ["description", nil], ["created_at", "2022-11-11 23:01:36.457799"], ["updated_at", "2022-11-11 23:01:36.457799"]]
  [1m[36mTRANSACTION (4.1ms)[0m  [1m[35mCOMMIT[0m
  [1m[36mTRANSACTION (0.1ms)[0m  [1m[35mBEGIN[0m
  [1m[36mCat Create (0.3ms)[0m  [1m[32mINSERT INTO "cats" ("birth_date", "color", "name", "sex", "description", "created_at", "updated_at") VALUES ($1, $2, $3, $4, $5, $6, $7) RETURNING "id"[0m  [["birth_date", "2015-01-20"], ["color", "white"], ["name", "KK"], ["sex", "F"], ["description", nil], ["created_at", "2022-11-11 23:02:13.855883"], ["updated_at", "2022-11-11 23:02:13.855883"]]
  [1m[36mTRANSACTION (0.6ms)[0m  [1m[35mCOMMIT[0m
  [1m[36mTRANSACTION (1.6ms)[0m  [1m[35mBEGIN[0m
  [1m[36mCat Create (0.6ms)[0m  [1m[32mINSERT INTO "cats" ("birth_date", "color", "name", "sex", "description", "created_at", "updated_at") VALUES ($1, $2, $3, $4, $5, $6, $7) RETURNING "id"[0m  [["birth_date", "2015-01-20"], ["color", "white"], ["name", "KK"], ["sex", "M"], ["description", nil], ["created_at", "2022-11-11 23:02:48.500648"], ["updated_at", "2022-11-11 23:02:48.500648"]]
  [1m[36mTRANSACTION (3.8ms)[0m  [1m[35mCOMMIT[0m
  [1m[36mTRANSACTION (0.2ms)[0m  [1m[35mBEGIN[0m
  [1m[36mCat Create (0.3ms)[0m  [1m[32mINSERT INTO "cats" ("birth_date", "color", "name", "sex", "description", "created_at", "updated_at") VALUES ($1, $2, $3, $4, $5, $6, $7) RETURNING "id"[0m  [["birth_date", "2015-01-20"], ["color", "white"], ["name", "FFF"], ["sex", "F"], ["description", nil], ["created_at", "2022-11-11 23:02:58.349810"], ["updated_at", "2022-11-11 23:02:58.349810"]]
  [1m[36mTRANSACTION (0.6ms)[0m  [1m[35mCOMMIT[0m
  [1m[36mTRANSACTION (0.2ms)[0m  [1m[35mBEGIN[0m
  [1m[36mCat Create (0.5ms)[0m  [1m[32mINSERT INTO "cats" ("birth_date", "color", "name", "sex", "description", "created_at", "updated_at") VALUES ($1, $2, $3, $4, $5, $6, $7) RETURNING "id"[0m  [["birth_date", "2015-01-20"], ["color", "white"], ["name", "another cat"], ["sex", "F"], ["description", nil], ["created_at", "2022-11-11 23:05:10.661087"], ["updated_at", "2022-11-11 23:05:10.661087"]]
  [1m[36mTRANSACTION (3.5ms)[0m  [1m[35mCOMMIT[0m
  [1m[36mTRANSACTION (0.1ms)[0m  [1m[35mBEGIN[0m
  [1m[36mCat Create (0.4ms)[0m  [1m[32mINSERT INTO "cats" ("birth_date", "color", "name", "sex", "description", "created_at", "updated_at") VALUES ($1, $2, $3, $4, $5, $6, $7) RETURNING "id"[0m  [["birth_date", "2015-01-20"], ["color", "white"], ["name", "new cat"], ["sex", "F"], ["description", nil], ["created_at", "2022-11-11 23:05:18.507499"], ["updated_at", "2022-11-11 23:05:18.507499"]]
  [1m[36mTRANSACTION (0.6ms)[0m  [1m[35mCOMMIT[0m
  [1m[36mTRANSACTION (7.7ms)[0m  [1m[35mBEGIN[0m
  [1m[36mCat Create (0.6ms)[0m  [1m[32mINSERT INTO "cats" ("birth_date", "color", "name", "sex", "description", "created_at", "updated_at") VALUES ($1, $2, $3, $4, $5, $6, $7) RETURNING "id"[0m  [["birth_date", "2015-01-20"], ["color", "white"], ["name", "new cat 2"], ["sex", "F"], ["description", nil], ["created_at", "2022-11-11 23:05:33.901072"], ["updated_at", "2022-11-11 23:05:33.901072"]]
  [1m[36mTRANSACTION (3.8ms)[0m  [1m[35mCOMMIT[0m
  [1m[36mTRANSACTION (0.2ms)[0m  [1m[35mBEGIN[0m
  [1m[36mCat Create (0.3ms)[0m  [1m[32mINSERT INTO "cats" ("birth_date", "color", "name", "sex", "description", "created_at", "updated_at") VALUES ($1, $2, $3, $4, $5, $6, $7) RETURNING "id"[0m  [["birth_date", "2015-01-20"], ["color", "white"], ["name", "new cat 3"], ["sex", "M"], ["description", nil], ["created_at", "2022-11-11 23:05:42.519980"], ["updated_at", "2022-11-11 23:05:42.519980"]]
  [1m[36mTRANSACTION (0.6ms)[0m  [1m[35mCOMMIT[0m
Started GET "/" for ::1 at 2022-11-11 15:21:29 -0800
  [1m[36mActiveRecord::SchemaMigration Pluck (1.1ms)[0m  [1m[34mSELECT "schema_migrations"."version" FROM "schema_migrations" ORDER BY "schema_migrations"."version" ASC[0m
Processing by CatsController#index as HTML
  Rendering layout layouts/application.html.erb
  Rendering cats/index.html.erb within layouts/application
  [1m[36mCat Load (0.7ms)[0m  [1m[34mSELECT "cats".* FROM "cats"[0m
  ↳ app/views/cats/index.html.erb:2
  Rendered cats/index.html.erb within layouts/application (Duration: 18.6ms | Allocations: 7098)
  Rendered layout layouts/application.html.erb (Duration: 45.3ms | Allocations: 13642)
Completed 200 OK in 55ms (Views: 47.2ms | ActiveRecord: 5.5ms | Allocations: 16855)


Started GET "/" for ::1 at 2022-11-11 15:21:56 -0800
Processing by CatsController#index as HTML
  Rendering layout layouts/application.html.erb
  Rendering cats/index.html.erb within layouts/application
  [1m[36mCat Load (0.2ms)[0m  [1m[34mSELECT "cats".* FROM "cats"[0m
  ↳ app/views/cats/index.html.erb:2
  Rendered cats/index.html.erb within layouts/application (Duration: 9.2ms | Allocations: 1146)
  Rendered layout layouts/application.html.erb (Duration: 12.7ms | Allocations: 2667)
Completed 200 OK in 15ms (Views: 14.3ms | ActiveRecord: 0.2ms | Allocations: 3380)


Started GET "/" for ::1 at 2022-11-11 15:22:48 -0800
Processing by CatsController#index as HTML
  Rendering layout layouts/application.html.erb
  Rendering cats/index.html.erb within layouts/application
  [1m[36mCat Load (3.4ms)[0m  [1m[34mSELECT "cats".* FROM "cats"[0m
  ↳ app/views/cats/index.html.erb:2
  Rendered cats/index.html.erb within layouts/application (Duration: 7.0ms | Allocations: 1132)
  Rendered layout layouts/application.html.erb (Duration: 11.4ms | Allocations: 2625)
Completed 200 OK in 14ms (Views: 10.3ms | ActiveRecord: 3.4ms | Allocations: 3324)


Started GET "/" for ::1 at 2022-11-11 15:22:56 -0800
Processing by CatsController#index as HTML
  Rendering layout layouts/application.html.erb
  Rendering cats/index.html.erb within layouts/application
  [1m[36mCat Load (0.3ms)[0m  [1m[34mSELECT "cats".* FROM "cats"[0m
  ↳ app/views/cats/index.html.erb:2
  Rendered cats/index.html.erb within layouts/application (Duration: 12.9ms | Allocations: 1143)
  Rendered layout layouts/application.html.erb (Duration: 16.0ms | Allocations: 2646)
Completed 200 OK in 19ms (Views: 18.4ms | ActiveRecord: 0.3ms | Allocations: 3356)


Started GET "/" for ::1 at 2022-11-11 15:28:17 -0800
Processing by CatsController#index as HTML
  Rendering layout layouts/application.html.erb
  Rendering cats/index.html.erb within layouts/application
  [1m[36mCat Load (0.2ms)[0m  [1m[34mSELECT "cats".* FROM "cats"[0m
  ↳ app/views/cats/index.html.erb:2
  Rendered cats/index.html.erb within layouts/application (Duration: 17.8ms | Allocations: 3384)
  Rendered layout layouts/application.html.erb (Duration: 20.7ms | Allocations: 4900)
Completed 200 OK in 24ms (Views: 18.2ms | ActiveRecord: 3.9ms | Allocations: 6531)


Started GET "/cats/1" for ::1 at 2022-11-11 15:28:23 -0800
Processing by CatsController#show as HTML
  Parameters: {"id"=>"1"}
  [1m[36mCat Load (0.7ms)[0m  [1m[34mSELECT "cats".* FROM "cats" WHERE "cats"."id" = $1 LIMIT $2[0m  [["id", 1], ["LIMIT", 1]]
  ↳ app/controllers/cats_controller.rb:8:in `show'
  Rendering layout layouts/application.html.erb
  Rendering cats/show.html.erb within layouts/application
  Rendered cats/show.html.erb within layouts/application (Duration: 0.3ms | Allocations: 115)
  Rendered layout layouts/application.html.erb (Duration: 13.2ms | Allocations: 1382)
Completed 200 OK in 23ms (Views: 14.1ms | ActiveRecord: 1.0ms | Allocations: 5204)


Started GET "/cats/1" for ::1 at 2022-11-11 15:29:31 -0800
Processing by CatsController#show as HTML
  Parameters: {"id"=>"1"}
  [1m[36mCat Load (0.3ms)[0m  [1m[34mSELECT "cats".* FROM "cats" WHERE "cats"."id" = $1 LIMIT $2[0m  [["id", 1], ["LIMIT", 1]]
  ↳ app/controllers/cats_controller.rb:8:in `show'
  Rendering layout layouts/application.html.erb
  Rendering cats/show.html.erb within layouts/application
  Rendered cats/show.html.erb within layouts/application (Duration: 15.9ms | Allocations: 7273)
  Rendered layout layouts/application.html.erb (Duration: 16.3ms | Allocations: 7371)
Completed 500 Internal Server Error in 20ms (ActiveRecord: 0.3ms | Allocations: 8571)



NoMethodError - undefined method `descriptio' for #<Cat id: 1, birth_date: "2015-01-20", color: "white", name: "bob", sex: "F", description: nil, created_at: "2022-11-11 22:59:40.588145000 +0000", updated_at: "2022-11-11 22:59:40.588145000 +0000">
Did you mean?  description
               description=
               description?:
  app/views/cats/show.html.erb:12
  app/controllers/cats_controller.rb:9:in `show'

Started POST "/__better_errors/5576948c40c033a9/variables" for ::1 at 2022-11-11 15:29:32 -0800
Started GET "/cats/1" for ::1 at 2022-11-11 15:29:36 -0800
Processing by CatsController#show as HTML
  Parameters: {"id"=>"1"}
  [1m[36mCat Load (1.2ms)[0m  [1m[34mSELECT "cats".* FROM "cats" WHERE "cats"."id" = $1 LIMIT $2[0m  [["id", 1], ["LIMIT", 1]]
  ↳ app/controllers/cats_controller.rb:8:in `show'
  Rendering layout layouts/application.html.erb
  Rendering cats/show.html.erb within layouts/application
  Rendered cats/show.html.erb within layouts/application (Duration: 0.5ms | Allocations: 210)
  Rendered layout layouts/application.html.erb (Duration: 2.8ms | Allocations: 1700)
Completed 200 OK in 44ms (Views: 4.4ms | ActiveRecord: 1.2ms | Allocations: 2979)


Started GET "/cats/1" for ::1 at 2022-11-11 15:30:00 -0800
Processing by CatsController#show as HTML
  Parameters: {"id"=>"1"}
  [1m[36mCat Load (0.3ms)[0m  [1m[34mSELECT "cats".* FROM "cats" WHERE "cats"."id" = $1 LIMIT $2[0m  [["id", 1], ["LIMIT", 1]]
  ↳ app/controllers/cats_controller.rb:8:in `show'
  Rendering layout layouts/application.html.erb
  Rendering cats/show.html.erb within layouts/application
  Rendered cats/show.html.erb within layouts/application (Duration: 0.5ms | Allocations: 210)
  Rendered layout layouts/application.html.erb (Duration: 2.7ms | Allocations: 1695)
Completed 200 OK in 6ms (Views: 4.6ms | ActiveRecord: 0.3ms | Allocations: 2958)


Started GET "/cats/1" for ::1 at 2022-11-11 15:30:01 -0800
Processing by CatsController#show as HTML
  Parameters: {"id"=>"1"}
  [1m[36mCat Load (0.6ms)[0m  [1m[34mSELECT "cats".* FROM "cats" WHERE "cats"."id" = $1 LIMIT $2[0m  [["id", 1], ["LIMIT", 1]]
  ↳ app/controllers/cats_controller.rb:8:in `show'
  Rendering layout layouts/application.html.erb
  Rendering cats/show.html.erb within layouts/application
  Rendered cats/show.html.erb within layouts/application (Duration: 0.1ms | Allocations: 23)
  Rendered layout layouts/application.html.erb (Duration: 2.6ms | Allocations: 1122)
Completed 200 OK in 7ms (Views: 3.4ms | ActiveRecord: 0.6ms | Allocations: 1900)


Started GET "/cats/" for ::1 at 2022-11-11 15:38:49 -0800
Processing by CatsController#index as HTML
  Rendering layout layouts/application.html.erb
  Rendering cats/index.html.erb within layouts/application
  [1m[36mCat Load (0.5ms)[0m  [1m[34mSELECT "cats".* FROM "cats"[0m
  ↳ app/views/cats/index.html.erb:2
  Rendered cats/index.html.erb within layouts/application (Duration: 32.2ms | Allocations: 6165)
  Rendered layout layouts/application.html.erb (Duration: 35.9ms | Allocations: 7687)
Completed 200 OK in 40ms (Views: 37.5ms | ActiveRecord: 9.6ms | Allocations: 9305)


Started GET "/cats" for ::1 at 2022-11-11 15:38:51 -0800
Processing by CatsController#index as HTML
  Rendering layout layouts/application.html.erb
  Rendering cats/index.html.erb within layouts/application
  [1m[36mCat Load (0.3ms)[0m  [1m[34mSELECT "cats".* FROM "cats"[0m
  ↳ app/views/cats/index.html.erb:2
  Rendered cats/index.html.erb within layouts/application (Duration: 2.0ms | Allocations: 823)
  Rendered layout layouts/application.html.erb (Duration: 4.3ms | Allocations: 1967)
Completed 200 OK in 5ms (Views: 4.5ms | ActiveRecord: 0.3ms | Allocations: 2191)


Started GET "/cats/new" for ::1 at 2022-11-11 15:39:13 -0800
Processing by CatsController#new as HTML
  Rendering layout layouts/application.html.erb
  Rendering cats/new.html.erb within layouts/application
  Rendered cats/new.html.erb within layouts/application (Duration: 0.5ms | Allocations: 216)
  Rendered layout layouts/application.html.erb (Duration: 2.3ms | Allocations: 1345)
Completed 200 OK in 3ms (Views: 2.9ms | ActiveRecord: 0.0ms | Allocations: 1634)


Started GET "/cats/new" for ::1 at 2022-11-11 15:40:20 -0800
Processing by CatsController#new as HTML
  Rendering layout layouts/application.html.erb
  Rendering cats/new.html.erb within layouts/application
  Rendered cats/new.html.erb within layouts/application (Duration: 0.5ms | Allocations: 204)
  Rendered layout layouts/application.html.erb (Duration: 3.8ms | Allocations: 1708)
Completed 200 OK in 5ms (Views: 5.3ms | ActiveRecord: 0.0ms | Allocations: 2399)


Started GET "/cats/new" for ::1 at 2022-11-11 15:40:41 -0800
Processing by CatsController#new as HTML
  Rendering layout layouts/application.html.erb
  Rendering cats/new.html.erb within layouts/application
  Rendered cats/new.html.erb within layouts/application (Duration: 0.6ms | Allocations: 201)
  Rendered layout layouts/application.html.erb (Duration: 4.7ms | Allocations: 1705)
Completed 200 OK in 7ms (Views: 7.1ms | ActiveRecord: 0.0ms | Allocations: 2422)


Started GET "/cats/new" for ::1 at 2022-11-11 15:44:40 -0800
Processing by CatsController#new as HTML
  Rendering layout layouts/application.html.erb
  Rendering cats/new.html.erb within layouts/application
  Rendered cats/new.html.erb within layouts/application (Duration: 0.5ms | Allocations: 264)
  Rendered layout layouts/application.html.erb (Duration: 3.8ms | Allocations: 1765)
Completed 200 OK in 6ms (Views: 5.7ms | Allocations: 2473)


Started GET "/cats/new" for ::1 at 2022-11-11 15:44:41 -0800
Processing by CatsController#new as HTML
  Rendering layout layouts/application.html.erb
  Rendering cats/new.html.erb within layouts/application
  Rendered cats/new.html.erb within layouts/application (Duration: 0.1ms | Allocations: 39)
  Rendered layout layouts/application.html.erb (Duration: 2.0ms | Allocations: 1152)
Completed 200 OK in 3ms (Views: 2.4ms | Allocations: 1379)


Started GET "/cats/new" for ::1 at 2022-11-11 15:57:11 -0800
Processing by CatsController#new as HTML
  Rendering layout layouts/application.html.erb
  Rendering cats/new.html.erb within layouts/application
  Rendered cats/new.html.erb within layouts/application (Duration: 4.6ms | Allocations: 264)
  Rendered layout layouts/application.html.erb (Duration: 32.5ms | Allocations: 3226)
Completed 200 OK in 47ms (Views: 44.0ms | Allocations: 3908)


Started GET "/cats/1" for ::1 at 2022-11-11 15:57:15 -0800
Processing by CatsController#show as HTML
  Parameters: {"id"=>"1"}
  [1m[36mCat Load (0.5ms)[0m  [1m[34mSELECT "cats".* FROM "cats" WHERE "cats"."id" = $1 LIMIT $2[0m  [["id", 1], ["LIMIT", 1]]
  ↳ app/controllers/cats_controller.rb:8:in `show'
  Rendering layout layouts/application.html.erb
  Rendering cats/show.html.erb within layouts/application
  Rendered cats/show.html.erb within layouts/application (Duration: 1.3ms | Allocations: 179)
  Rendered layout layouts/application.html.erb (Duration: 3.3ms | Allocations: 1287)
Completed 200 OK in 41ms (Views: 4.0ms | ActiveRecord: 10.0ms | Allocations: 6060)


Started GET "/cats/1" for ::1 at 2022-11-11 15:58:54 -0800
Processing by CatsController#show as HTML
  Parameters: {"id"=>"1"}
  [1m[36mCat Load (0.3ms)[0m  [1m[34mSELECT "cats".* FROM "cats" WHERE "cats"."id" = $1 LIMIT $2[0m  [["id", 1], ["LIMIT", 1]]
  ↳ app/controllers/cats_controller.rb:8:in `show'
  Rendering layout layouts/application.html.erb
  Rendering cats/show.html.erb within layouts/application
  Rendered cats/show.html.erb within layouts/application (Duration: 0.4ms | Allocations: 115)
  Rendered layout layouts/application.html.erb (Duration: 3.7ms | Allocations: 1616)
Completed 200 OK in 9ms (Views: 6.7ms | ActiveRecord: 0.3ms | Allocations: 2794)


Started GET "/cats/1" for ::1 at 2022-11-11 15:59:42 -0800
Processing by CatsController#show as HTML
  Parameters: {"id"=>"1"}
  [1m[36mCat Load (0.3ms)[0m  [1m[34mSELECT "cats".* FROM "cats" WHERE "cats"."id" = $1 LIMIT $2[0m  [["id", 1], ["LIMIT", 1]]
  ↳ app/controllers/cats_controller.rb:8:in `show'
  Rendering layout layouts/application.html.erb
  Rendering cats/show.html.erb within layouts/application
  Rendered cats/_table.html.erb (Duration: 0.6ms | Allocations: 188)
  Rendered cats/show.html.erb within layouts/application (Duration: 1.8ms | Allocations: 447)
  Rendered layout layouts/application.html.erb (Duration: 5.8ms | Allocations: 1947)
Completed 200 OK in 15ms (Views: 7.8ms | ActiveRecord: 0.2ms | Allocations: 3210)


Started GET "/cats/1" for ::1 at 2022-11-11 16:00:05 -0800
Processing by CatsController#show as HTML
  Parameters: {"id"=>"1"}
  [1m[36mCat Load (0.3ms)[0m  [1m[34mSELECT "cats".* FROM "cats" WHERE "cats"."id" = $1 LIMIT $2[0m  [["id", 1], ["LIMIT", 1]]
  ↳ app/controllers/cats_controller.rb:8:in `show'
  Rendering layout layouts/application.html.erb
  Rendering cats/show.html.erb within layouts/application
  Rendered cats/_table.html.erb (Duration: 1.0ms | Allocations: 185)
  Rendered cats/show.html.erb within layouts/application (Duration: 1.8ms | Allocations: 423)
  Rendered layout layouts/application.html.erb (Duration: 4.6ms | Allocations: 1911)
Completed 200 OK in 14ms (Views: 6.2ms | ActiveRecord: 0.3ms | Allocations: 3175)


Started GET "/cats" for ::1 at 2022-11-11 16:00:07 -0800
Processing by CatsController#index as HTML
  Rendering layout layouts/application.html.erb
  Rendering cats/index.html.erb within layouts/application
  [1m[36mCat Load (0.3ms)[0m  [1m[34mSELECT "cats".* FROM "cats"[0m
  ↳ app/views/cats/index.html.erb:2
  Rendered cats/_table.html.erb (Duration: 0.1ms | Allocations: 25)
  Rendered cats/_table.html.erb (Duration: 0.1ms | Allocations: 24)
  Rendered cats/_table.html.erb (Duration: 0.1ms | Allocations: 24)
  Rendered cats/_table.html.erb (Duration: 0.0ms | Allocations: 24)
  Rendered cats/_table.html.erb (Duration: 0.1ms | Allocations: 24)
  Rendered cats/_table.html.erb (Duration: 0.1ms | Allocations: 24)
  Rendered cats/_table.html.erb (Duration: 0.1ms | Allocations: 24)
  Rendered cats/_table.html.erb (Duration: 0.1ms | Allocations: 24)
  Rendered cats/_table.html.erb (Duration: 0.1ms | Allocations: 24)
  Rendered cats/index.html.erb within layouts/application (Duration: 5.0ms | Allocations: 1573)
  Rendered layout layouts/application.html.erb (Duration: 7.9ms | Allocations: 2689)
Completed 200 OK in 9ms (Views: 8.8ms | ActiveRecord: 0.3ms | Allocations: 2964)


Started GET "/cats" for ::1 at 2022-11-11 16:02:37 -0800
Processing by CatsController#index as HTML
  Rendering layout layouts/application.html.erb
  Rendering cats/index.html.erb within layouts/application
  [1m[36mCat Load (0.3ms)[0m  [1m[34mSELECT "cats".* FROM "cats"[0m
  ↳ app/views/cats/index.html.erb:2
  Rendered cats/_table.html.erb (Duration: 0.8ms | Allocations: 185)
  Rendered cats/_table.html.erb (Duration: 0.1ms | Allocations: 24)
  Rendered cats/_table.html.erb (Duration: 0.1ms | Allocations: 24)
  Rendered cats/_table.html.erb (Duration: 0.1ms | Allocations: 24)
  Rendered cats/_table.html.erb (Duration: 0.1ms | Allocations: 24)
  Rendered cats/_table.html.erb (Duration: 0.0ms | Allocations: 24)
  Rendered cats/_table.html.erb (Duration: 0.0ms | Allocations: 24)
  Rendered cats/_table.html.erb (Duration: 0.0ms | Allocations: 24)
  Rendered cats/_table.html.erb (Duration: 0.0ms | Allocations: 24)
  Rendered cats/index.html.erb within layouts/application (Duration: 5.8ms | Allocations: 1848)
  Rendered layout layouts/application.html.erb (Duration: 9.2ms | Allocations: 3379)
Completed 200 OK in 11ms (Views: 10.5ms | ActiveRecord: 0.3ms | Allocations: 4055)


Started GET "/cats/new" for ::1 at 2022-11-11 16:12:57 -0800
Processing by CatsController#new as HTML
  Rendering layout layouts/application.html.erb
  Rendering cats/new.html.erb within layouts/application
  Rendered cats/new.html.erb within layouts/application (Duration: 8.2ms | Allocations: 4579)
  Rendered layout layouts/application.html.erb (Duration: 8.5ms | Allocations: 4667)
Completed 500 Internal Server Error in 12ms (Allocations: 5364)



NameError - uninitialized constant Cat::CAT_COLOR
Did you mean?  Cat::CAT_COLORS:
  app/views/cats/new.html.erb:14
  app/controllers/cats_controller.rb:26:in `new'

Started POST "/__better_errors/2a90a318cbd26a1d/variables" for ::1 at 2022-11-11 16:12:57 -0800
  [1m[36mCat Load (0.6ms)[0m  [1m[34mSELECT "cats".* FROM "cats" ORDER BY "cats"."id" ASC LIMIT $1[0m  [["LIMIT", 1]]
  [1m[36mCat Load (0.4ms)[0m  [1m[34mSELECT "cats".* FROM "cats" ORDER BY "cats"."id" ASC LIMIT $1[0m  [["LIMIT", 1]]
Started GET "/cats/new" for ::1 at 2022-11-11 16:19:03 -0800
Processing by CatsController#new as HTML
  Rendering layout layouts/application.html.erb
  Rendering cats/new.html.erb within layouts/application
  Rendered cats/new.html.erb within layouts/application (Duration: 3.1ms | Allocations: 3970)
  Rendered layout layouts/application.html.erb (Duration: 3.5ms | Allocations: 4058)
Completed 500 Internal Server Error in 6ms (Allocations: 4750)



NameError - uninitialized constant #<Class:0x0000000115057948>::CAT_COLOR:
  app/views/cats/new.html.erb:14
  app/controllers/cats_controller.rb:26:in `new'

Started POST "/__better_errors/a9a46bfedc433cd5/variables" for ::1 at 2022-11-11 16:19:03 -0800
Started GET "/cats/new" for ::1 at 2022-11-11 16:19:19 -0800
Processing by CatsController#new as HTML
  Rendering layout layouts/application.html.erb
  Rendering cats/new.html.erb within layouts/application
  Rendered cats/new.html.erb within layouts/application (Duration: 2.5ms | Allocations: 3678)
  Rendered layout layouts/application.html.erb (Duration: 2.8ms | Allocations: 3758)
Completed 500 Internal Server Error in 4ms (Allocations: 4004)



NameError - uninitialized constant #<Class:0x0000000115057948>::CAT_COLOR:
  app/views/cats/new.html.erb:14
  app/controllers/cats_controller.rb:26:in `new'

Started POST "/__better_errors/ed543a0a09aa91f8/variables" for ::1 at 2022-11-11 16:19:20 -0800
Started POST "/__better_errors/ed543a0a09aa91f8/variables" for ::1 at 2022-11-11 16:19:22 -0800
Started GET "/cats/new" for ::1 at 2022-11-11 16:20:08 -0800
Processing by CatsController#new as HTML
  Rendering layout layouts/application.html.erb
  Rendering cats/new.html.erb within layouts/application
  Rendered cats/new.html.erb within layouts/application (Duration: 4.9ms | Allocations: 4524)
  Rendered layout layouts/application.html.erb (Duration: 5.2ms | Allocations: 4612)
Completed 500 Internal Server Error in 7ms (Allocations: 5303)



NameError - uninitialized constant Cat::CAT_COLOR
Did you mean?  Cat::CAT_COLORS:
  app/views/cats/new.html.erb:14
  app/controllers/cats_controller.rb:26:in `new'

Started POST "/__better_errors/bf950d375e3f2eb6/variables" for ::1 at 2022-11-11 16:20:08 -0800
  [1m[36mCat Load (3.3ms)[0m  [1m[34mSELECT "cats".* FROM "cats" ORDER BY "cats"."id" ASC LIMIT $1[0m  [["LIMIT", 1]]
  [1m[36mCat Load (0.3ms)[0m  [1m[34mSELECT "cats".* FROM "cats" ORDER BY "cats"."id" ASC LIMIT $1[0m  [["LIMIT", 1]]
Started GET "/cats/new" for ::1 at 2022-11-11 16:22:48 -0800
Processing by CatsController#new as HTML
  Rendering layout layouts/application.html.erb
  Rendering cats/new.html.erb within layouts/application
  Rendered cats/new.html.erb within layouts/application (Duration: 0.8ms | Allocations: 338)
  Rendered layout layouts/application.html.erb (Duration: 4.3ms | Allocations: 1843)
Completed 200 OK in 6ms (Views: 5.8ms | Allocations: 2553)


Started GET "/cats/new" for ::1 at 2022-11-11 16:23:37 -0800
Processing by CatsController#new as HTML
  Rendering layout layouts/application.html.erb
  Rendering cats/new.html.erb within layouts/application
  Rendered cats/new.html.erb within layouts/application (Duration: 0.7ms | Allocations: 338)
  Rendered layout layouts/application.html.erb (Duration: 3.3ms | Allocations: 1842)
Completed 200 OK in 5ms (Views: 4.8ms | Allocations: 2548)


Started GET "/cats/new" for ::1 at 2022-11-11 16:24:05 -0800
Processing by CatsController#new as HTML
  Rendering layout layouts/application.html.erb
  Rendering cats/new.html.erb within layouts/application
  Rendered cats/new.html.erb within layouts/application (Duration: 0.9ms | Allocations: 339)
  Rendered layout layouts/application.html.erb (Duration: 3.9ms | Allocations: 1846)
Completed 200 OK in 6ms (Views: 5.7ms | Allocations: 2552)


Started GET "/cats/new" for ::1 at 2022-11-11 16:24:52 -0800
Processing by CatsController#new as HTML
  Rendering layout layouts/application.html.erb
  Rendering cats/new.html.erb within layouts/application
  Rendered cats/new.html.erb within layouts/application (Duration: 0.8ms | Allocations: 344)
  Rendered layout layouts/application.html.erb (Duration: 4.0ms | Allocations: 1870)
Completed 200 OK in 6ms (Views: 6.1ms | Allocations: 2578)


Started GET "/cats/new" for ::1 at 2022-11-11 16:25:14 -0800
Processing by CatsController#new as HTML
  Rendering layout layouts/application.html.erb
  Rendering cats/new.html.erb within layouts/application
  Rendered cats/new.html.erb within layouts/application (Duration: 0.2ms | Allocations: 45)
  Rendered layout layouts/application.html.erb (Duration: 2.5ms | Allocations: 1164)
Completed 200 OK in 4ms (Views: 3.7ms | Allocations: 1392)


Started GET "/cats/new" for ::1 at 2022-11-11 16:25:15 -0800
Processing by CatsController#new as HTML
  Rendering layout layouts/application.html.erb
  Rendering cats/new.html.erb within layouts/application
  Rendered cats/new.html.erb within layouts/application (Duration: 0.1ms | Allocations: 45)
  Rendered layout layouts/application.html.erb (Duration: 2.3ms | Allocations: 1152)
Completed 200 OK in 3ms (Views: 2.7ms | Allocations: 1354)


Started GET "/cats/new" for ::1 at 2022-11-11 16:25:57 -0800
Processing by CatsController#new as HTML
  Rendering layout layouts/application.html.erb
  Rendering cats/new.html.erb within layouts/application
  Rendered cats/new.html.erb within layouts/application (Duration: 0.9ms | Allocations: 342)
  Rendered layout layouts/application.html.erb (Duration: 5.3ms | Allocations: 1840)
Completed 200 OK in 8ms (Views: 8.0ms | Allocations: 2522)


Started GET "/cats/new" for ::1 at 2022-11-11 16:27:02 -0800
Processing by CatsController#new as HTML
  Rendering layout layouts/application.html.erb
  Rendering cats/new.html.erb within layouts/application
  Rendered cats/new.html.erb within layouts/application (Duration: 0.9ms | Allocations: 368)
  Rendered layout layouts/application.html.erb (Duration: 4.4ms | Allocations: 1875)
Completed 200 OK in 7ms (Views: 6.3ms | Allocations: 2582)


Started GET "/cats/new" for ::1 at 2022-11-11 16:27:03 -0800
Processing by CatsController#new as HTML
  Rendering layout layouts/application.html.erb
  Rendering cats/new.html.erb within layouts/application
  Rendered cats/new.html.erb within layouts/application (Duration: 0.2ms | Allocations: 45)
  Rendered layout layouts/application.html.erb (Duration: 2.4ms | Allocations: 1158)
Completed 200 OK in 3ms (Views: 2.9ms | Allocations: 1385)


Started GET "/cats/new" for ::1 at 2022-11-11 16:28:26 -0800
Processing by CatsController#new as HTML
  Rendering layout layouts/application.html.erb
  Rendering cats/new.html.erb within layouts/application
  Rendered cats/new.html.erb within layouts/application (Duration: 0.9ms | Allocations: 258)
  Rendered layout layouts/application.html.erb (Duration: 4.9ms | Allocations: 1759)
Completed 200 OK in 7ms (Views: 6.7ms | Allocations: 2441)


Started GET "/cats/new" for ::1 at 2022-11-11 16:30:03 -0800
Processing by CatsController#new as HTML
  Rendering layout layouts/application.html.erb
  Rendering cats/new.html.erb within layouts/application
  Rendered cats/new.html.erb within layouts/application (Duration: 0.9ms | Allocations: 368)
  Rendered layout layouts/application.html.erb (Duration: 4.6ms | Allocations: 1869)
Completed 200 OK in 7ms (Views: 6.7ms | Allocations: 2576)


Started GET "/cats/new" for ::1 at 2022-11-11 16:31:14 -0800
Processing by CatsController#new as HTML
  Rendering layout layouts/application.html.erb
  Rendering cats/new.html.erb within layouts/application
  Rendered cats/new.html.erb within layouts/application (Duration: 0.6ms | Allocations: 366)
  Rendered layout layouts/application.html.erb (Duration: 3.8ms | Allocations: 1894)
Completed 200 OK in 6ms (Views: 5.5ms | Allocations: 2602)


Started GET "/cats/new" for ::1 at 2022-11-11 16:31:56 -0800
Processing by CatsController#new as HTML
  Rendering layout layouts/application.html.erb
  Rendering cats/new.html.erb within layouts/application
  Rendered cats/new.html.erb within layouts/application (Duration: 0.6ms | Allocations: 366)
  Rendered layout layouts/application.html.erb (Duration: 3.8ms | Allocations: 1859)
Completed 200 OK in 6ms (Views: 5.4ms | Allocations: 2566)


Started GET "/cats/new" for ::1 at 2022-11-11 16:31:57 -0800
Processing by CatsController#new as HTML
  Rendering layout layouts/application.html.erb
  Rendering cats/new.html.erb within layouts/application
  Rendered cats/new.html.erb within layouts/application (Duration: 0.2ms | Allocations: 45)
  Rendered layout layouts/application.html.erb (Duration: 2.8ms | Allocations: 1170)
Completed 200 OK in 4ms (Views: 3.7ms | Allocations: 1397)


Started GET "/cats/new" for ::1 at 2022-11-11 16:32:01 -0800
Processing by CatsController#new as HTML
  Rendering layout layouts/application.html.erb
  Rendering cats/new.html.erb within layouts/application
  Rendered cats/new.html.erb within layouts/application (Duration: 1.1ms | Allocations: 365)
  Rendered layout layouts/application.html.erb (Duration: 4.3ms | Allocations: 1893)
Completed 200 OK in 6ms (Views: 5.7ms | Allocations: 2575)


Started GET "/cats/new" for ::1 at 2022-11-11 16:32:06 -0800
Processing by CatsController#new as HTML
  Rendering layout layouts/application.html.erb
  Rendering cats/new.html.erb within layouts/application
  Rendered cats/new.html.erb within layouts/application (Duration: 0.7ms | Allocations: 364)
  Rendered layout layouts/application.html.erb (Duration: 3.5ms | Allocations: 1871)
Completed 200 OK in 6ms (Views: 5.5ms | Allocations: 2578)


Started GET "/cats/new" for ::1 at 2022-11-11 16:33:25 -0800
Processing by CatsController#new as HTML
  Rendering layout layouts/application.html.erb
  Rendering cats/new.html.erb within layouts/application
  Rendered cats/new.html.erb within layouts/application (Duration: 1.2ms | Allocations: 365)
  Rendered layout layouts/application.html.erb (Duration: 5.0ms | Allocations: 1872)
Completed 200 OK in 7ms (Views: 6.9ms | Allocations: 2579)


Started GET "/cats/new" for ::1 at 2022-11-11 16:33:41 -0800
Processing by CatsController#new as HTML
  Rendering layout layouts/application.html.erb
  Rendering cats/new.html.erb within layouts/application
  Rendered cats/new.html.erb within layouts/application (Duration: 1.0ms | Allocations: 366)
  Rendered layout layouts/application.html.erb (Duration: 3.7ms | Allocations: 1900)
Completed 200 OK in 6ms (Views: 5.6ms | Allocations: 2607)


Started GET "/cats/new" for ::1 at 2022-11-11 16:33:51 -0800
Processing by CatsController#new as HTML
  Rendering layout layouts/application.html.erb
  Rendering cats/new.html.erb within layouts/application
  Rendered cats/new.html.erb within layouts/application (Duration: 0.7ms | Allocations: 367)
  Rendered layout layouts/application.html.erb (Duration: 3.2ms | Allocations: 1865)
Completed 200 OK in 5ms (Views: 4.9ms | Allocations: 2572)


Started POST "/cats" for ::1 at 2022-11-11 16:33:54 -0800
Processing by CatsController#create as HTML
  Parameters: {"cat"=>{"name"=>"", "birth_date"=>"", "description"=>""}}
  Rendering layout layouts/application.html.erb
  Rendering cats/create.html.erb within layouts/application
  Rendered cats/create.html.erb within layouts/application (Duration: 0.4ms | Allocations: 96)
  Rendered layout layouts/application.html.erb (Duration: 3.4ms | Allocations: 1600)
Completed 200 OK in 6ms (Views: 4.8ms | Allocations: 2341)


Started GET "/cats" for ::1 at 2022-11-11 16:34:45 -0800
Processing by CatsController#index as HTML
  Rendering layout layouts/application.html.erb
  Rendering cats/index.html.erb within layouts/application
  [1m[36mCat Load (0.5ms)[0m  [1m[34mSELECT "cats".* FROM "cats"[0m
  ↳ app/views/cats/index.html.erb:2
  Rendered cats/_table.html.erb (Duration: 1.1ms | Allocations: 196)
  Rendered cats/_table.html.erb (Duration: 0.1ms | Allocations: 24)
  Rendered cats/_table.html.erb (Duration: 0.0ms | Allocations: 24)
  Rendered cats/_table.html.erb (Duration: 0.0ms | Allocations: 24)
  Rendered cats/_table.html.erb (Duration: 0.0ms | Allocations: 24)
  Rendered cats/_table.html.erb (Duration: 0.0ms | Allocations: 24)
  Rendered cats/_table.html.erb (Duration: 0.0ms | Allocations: 24)
  Rendered cats/_table.html.erb (Duration: 0.0ms | Allocations: 24)
  Rendered cats/_table.html.erb (Duration: 0.0ms | Allocations: 24)
  Rendered cats/index.html.erb within layouts/application (Duration: 39.9ms | Allocations: 6869)
  Rendered layout layouts/application.html.erb (Duration: 41.9ms | Allocations: 8231)
Completed 200 OK in 46ms (Views: 43.0ms | ActiveRecord: 8.2ms | Allocations: 9651)


Started GET "/cats/new" for ::1 at 2022-11-11 16:34:49 -0800
Processing by CatsController#new as HTML
  Rendering layout layouts/application.html.erb
  Rendering cats/new.html.erb within layouts/application
  Rendered cats/new.html.erb within layouts/application (Duration: 0.9ms | Allocations: 333)
  Rendered layout layouts/application.html.erb (Duration: 3.1ms | Allocations: 1455)
Completed 200 OK in 4ms (Views: 4.1ms | ActiveRecord: 0.0ms | Allocations: 1749)


Started GET "/cats/new" for ::1 at 2022-11-11 16:37:13 -0800
Processing by CatsController#new as HTML
  Rendering layout layouts/application.html.erb
  Rendering cats/new.html.erb within layouts/application
  Rendered cats/new.html.erb within layouts/application (Duration: 0.3ms | Allocations: 99)
  Rendered layout layouts/application.html.erb (Duration: 3.9ms | Allocations: 1473)
Completed 200 OK in 29ms (Views: 5.0ms | ActiveRecord: 7.5ms | Allocations: 5031)


Started GET "/cats/new" for ::1 at 2022-11-11 16:37:52 -0800
Processing by CatsController#new as HTML
  Rendering layout layouts/application.html.erb
  Rendering cats/new.html.erb within layouts/application
  Rendered cats/new.html.erb within layouts/application (Duration: 0.7ms | Allocations: 367)
  Rendered layout layouts/application.html.erb (Duration: 3.6ms | Allocations: 1877)
Completed 200 OK in 5ms (Views: 5.3ms | ActiveRecord: 0.0ms | Allocations: 2593)


Started POST "/cats" for ::1 at 2022-11-11 16:38:08 -0800
Processing by CatsController#create as HTML
  Parameters: {"cat"=>{"name"=>"web created", "birth_date"=>"2022-11-01", "color"=>"brown", "sex"=>"M", "description"=>"web created"}}
  [1m[36mTRANSACTION (0.1ms)[0m  [1m[35mBEGIN[0m
  ↳ app/controllers/cats_controller.rb:14:in `create'
  [1m[36mCat Create (0.6ms)[0m  [1m[32mINSERT INTO "cats" ("birth_date", "color", "name", "sex", "description", "created_at", "updated_at") VALUES ($1, $2, $3, $4, $5, $6, $7) RETURNING "id"[0m  [["birth_date", "2022-11-01"], ["color", "brown"], ["name", "web created"], ["sex", "M"], ["description", "web created"], ["created_at", "2022-11-12 00:38:08.229793"], ["updated_at", "2022-11-12 00:38:08.229793"]]
  ↳ app/controllers/cats_controller.rb:14:in `create'
  [1m[36mTRANSACTION (3.2ms)[0m  [1m[35mCOMMIT[0m
  ↳ app/controllers/cats_controller.rb:14:in `create'
Redirected to http://localhost:3000/cats/10
Completed 302 Found in 26ms (ActiveRecord: 3.9ms | Allocations: 3705)


Started GET "/cats/10" for ::1 at 2022-11-11 16:38:08 -0800
Processing by CatsController#show as HTML
  Parameters: {"id"=>"10"}
  [1m[36mCat Load (0.2ms)[0m  [1m[34mSELECT "cats".* FROM "cats" WHERE "cats"."id" = $1 LIMIT $2[0m  [["id", 10], ["LIMIT", 1]]
  ↳ app/controllers/cats_controller.rb:8:in `show'
  Rendering layout layouts/application.html.erb
  Rendering cats/show.html.erb within layouts/application
  Rendered cats/_table.html.erb (Duration: 0.7ms | Allocations: 179)
  Rendered cats/show.html.erb within layouts/application (Duration: 1.7ms | Allocations: 385)
  Rendered layout layouts/application.html.erb (Duration: 3.7ms | Allocations: 1502)
Completed 200 OK in 8ms (Views: 4.5ms | ActiveRecord: 0.4ms | Allocations: 3327)


Started POST "/cats" for ::1 at 2022-11-11 16:38:24 -0800
Processing by CatsController#create as HTML
  Parameters: {"cat"=>{"name"=>"", "birth_date"=>"2022-11-01", "color"=>"brown", "sex"=>"M", "description"=>"web created"}}
Redirected to http://localhost:3000/cats/new
Completed 302 Found in 16ms (ActiveRecord: 0.0ms | Allocations: 938)


Started GET "/cats/new" for ::1 at 2022-11-11 16:38:24 -0800
Processing by CatsController#new as HTML
  Rendering layout layouts/application.html.erb
  Rendering cats/new.html.erb within layouts/application
  Rendered cats/new.html.erb within layouts/application (Duration: 0.2ms | Allocations: 45)
  Rendered layout layouts/application.html.erb (Duration: 2.7ms | Allocations: 1155)
Completed 200 OK in 3ms (Views: 3.1ms | ActiveRecord: 0.0ms | Allocations: 1361)


Started POST "/cats" for ::1 at 2022-11-11 16:38:27 -0800
Processing by CatsController#create as HTML
  Parameters: {"cat"=>{"name"=>"", "birth_date"=>"", "description"=>""}}
Completed 500 Internal Server Error in 4ms (ActiveRecord: 0.0ms | Allocations: 1775)



NoMethodError - undefined method `>' for nil:NilClass
    if birth_date > Date.today
                  ^:
  app/models/cat.rb:11:in `birth_date_cannot_be_future'
  app/controllers/cats_controller.rb:14:in `create'

Started POST "/__better_errors/236c7e8ff277e3b4/variables" for ::1 at 2022-11-11 16:38:27 -0800
Started POST "/cats" for ::1 at 2022-11-11 16:39:19 -0800
Processing by CatsController#create as HTML
  Parameters: {"cat"=>{"name"=>"", "birth_date"=>"", "description"=>""}}
Redirected to http://localhost:3000/cats/new
Completed 302 Found in 9ms (ActiveRecord: 2.5ms | Allocations: 4152)


Started GET "/cats/new" for ::1 at 2022-11-11 16:39:19 -0800
Processing by CatsController#new as HTML
  Rendering layout layouts/application.html.erb
  Rendering cats/new.html.erb within layouts/application
  Rendered cats/new.html.erb within layouts/application (Duration: 0.2ms | Allocations: 89)
  Rendered layout layouts/application.html.erb (Duration: 2.7ms | Allocations: 1469)
Completed 200 OK in 4ms (Views: 3.7ms | ActiveRecord: 0.0ms | Allocations: 1969)


Started POST "/cats" for ::1 at 2022-11-11 16:39:20 -0800
Processing by CatsController#create as HTML
  Parameters: {"cat"=>{"name"=>"", "birth_date"=>"", "description"=>""}}
Redirected to http://localhost:3000/cats/new
Completed 302 Found in 2ms (ActiveRecord: 0.0ms | Allocations: 967)


Started GET "/cats/new" for ::1 at 2022-11-11 16:39:20 -0800
Processing by CatsController#new as HTML
  Rendering layout layouts/application.html.erb
  Rendering cats/new.html.erb within layouts/application
  Rendered cats/new.html.erb within layouts/application (Duration: 0.2ms | Allocations: 45)
  Rendered layout layouts/application.html.erb (Duration: 2.2ms | Allocations: 1161)
Completed 200 OK in 3ms (Views: 2.7ms | ActiveRecord: 0.0ms | Allocations: 1383)


Started POST "/cats" for ::1 at 2022-11-11 16:39:21 -0800
Processing by CatsController#create as HTML
  Parameters: {"cat"=>{"name"=>"", "birth_date"=>"", "description"=>""}}
Redirected to http://localhost:3000/cats/new
Completed 302 Found in 2ms (ActiveRecord: 0.0ms | Allocations: 908)


Started GET "/cats/new" for ::1 at 2022-11-11 16:39:21 -0800
Processing by CatsController#new as HTML
  Rendering layout layouts/application.html.erb
  Rendering cats/new.html.erb within layouts/application
  Rendered cats/new.html.erb within layouts/application (Duration: 0.2ms | Allocations: 45)
  Rendered layout layouts/application.html.erb (Duration: 2.1ms | Allocations: 1153)
Completed 200 OK in 3ms (Views: 2.6ms | ActiveRecord: 0.0ms | Allocations: 1358)


Started POST "/cats" for ::1 at 2022-11-11 16:39:22 -0800
Processing by CatsController#create as HTML
  Parameters: {"cat"=>{"name"=>"", "birth_date"=>"", "description"=>""}}
Redirected to http://localhost:3000/cats/new
Completed 302 Found in 1ms (ActiveRecord: 0.0ms | Allocations: 910)


Started GET "/cats/new" for ::1 at 2022-11-11 16:39:22 -0800
Processing by CatsController#new as HTML
  Rendering layout layouts/application.html.erb
  Rendering cats/new.html.erb within layouts/application
  Rendered cats/new.html.erb within layouts/application (Duration: 0.1ms | Allocations: 45)
  Rendered layout layouts/application.html.erb (Duration: 2.3ms | Allocations: 1173)
Completed 200 OK in 3ms (Views: 2.7ms | ActiveRecord: 0.0ms | Allocations: 1378)


Started POST "/cats" for ::1 at 2022-11-11 16:39:23 -0800
Processing by CatsController#create as HTML
  Parameters: {"cat"=>{"name"=>"", "birth_date"=>"", "description"=>""}}
Redirected to http://localhost:3000/cats/new
Completed 302 Found in 1ms (ActiveRecord: 0.0ms | Allocations: 909)


Started GET "/cats/new" for ::1 at 2022-11-11 16:39:23 -0800
Processing by CatsController#new as HTML
  Rendering layout layouts/application.html.erb
  Rendering cats/new.html.erb within layouts/application
  Rendered cats/new.html.erb within layouts/application (Duration: 0.2ms | Allocations: 45)
  Rendered layout layouts/application.html.erb (Duration: 1.9ms | Allocations: 1167)
Completed 200 OK in 3ms (Views: 2.3ms | ActiveRecord: 0.0ms | Allocations: 1372)


Started GET "/cats/1/edit" for ::1 at 2022-11-11 16:43:22 -0800
Processing by CatsController#edit as HTML
  Parameters: {"id"=>"1"}
  Rendering layout layouts/application.html.erb
  Rendering cats/edit.html.erb within layouts/application
  Rendered cats/edit.html.erb within layouts/application (Duration: 1.5ms | Allocations: 1858)
  Rendered layout layouts/application.html.erb (Duration: 1.7ms | Allocations: 1946)
Completed 500 Internal Server Error in 4ms (ActiveRecord: 0.0ms | Allocations: 2648)



ActionController::UrlGenerationError - No route matches {:action=>"show", :controller=>"cats", :id=>nil}, missing required keys: [:id]:
  app/views/cats/edit.html.erb:2

Started POST "/__better_errors/55ff7a204361f56f/variables" for ::1 at 2022-11-11 16:43:23 -0800
Started GET "/cats/1/edit" for ::1 at 2022-11-11 16:44:07 -0800
Processing by CatsController#edit as HTML
  Parameters: {"id"=>"1"}
  [1m[36mCat Load (0.5ms)[0m  [1m[34mSELECT "cats".* FROM "cats" WHERE "cats"."id" = $1 LIMIT $2[0m  [["id", 1], ["LIMIT", 1]]
  ↳ app/controllers/cats_controller.rb:26:in `edit'
  Rendering layout layouts/application.html.erb
  Rendering cats/edit.html.erb within layouts/application
  Rendered cats/edit.html.erb within layouts/application (Duration: 0.4ms | Allocations: 131)
  Rendered layout layouts/application.html.erb (Duration: 4.0ms | Allocations: 1658)
Completed 200 OK in 17ms (Views: 5.1ms | ActiveRecord: 3.6ms | Allocations: 6713)


  [1m[36mCat Load (0.5ms)[0m  [1m[34mSELECT "cats".* FROM "cats" ORDER BY "cats"."id" ASC LIMIT $1[0m  [["LIMIT", 1]]
Started GET "/cats/1/edit" for ::1 at 2022-11-11 16:44:30 -0800
Processing by CatsController#edit as HTML
  Parameters: {"id"=>"1"}
  [1m[36mCat Load (0.3ms)[0m  [1m[34mSELECT "cats".* FROM "cats" WHERE "cats"."id" = $1 LIMIT $2[0m  [["id", 1], ["LIMIT", 1]]
  ↳ app/controllers/cats_controller.rb:26:in `edit'
  Rendering layout layouts/application.html.erb
  Rendering cats/edit.html.erb within layouts/application
  Rendered cats/edit.html.erb within layouts/application (Duration: 0.2ms | Allocations: 64)
  Rendered layout layouts/application.html.erb (Duration: 2.5ms | Allocations: 1166)
Completed 200 OK in 11ms (Views: 3.0ms | ActiveRecord: 0.2ms | Allocations: 1942)


Started GET "/cats/1/edit" for ::1 at 2022-11-11 16:45:27 -0800
Processing by CatsController#edit as HTML
  Parameters: {"id"=>"1"}
  [1m[36mCat Load (0.3ms)[0m  [1m[34mSELECT "cats".* FROM "cats" WHERE "cats"."id" = $1 LIMIT $2[0m  [["id", 1], ["LIMIT", 1]]
  ↳ app/controllers/cats_controller.rb:26:in `edit'
  Rendering layout layouts/application.html.erb
  Rendering cats/edit.html.erb within layouts/application
  Rendered cats/edit.html.erb within layouts/application (Duration: 0.7ms | Allocations: 397)
  Rendered layout layouts/application.html.erb (Duration: 4.0ms | Allocations: 1893)
Completed 200 OK in 11ms (Views: 5.6ms | ActiveRecord: 0.3ms | Allocations: 3069)


Started GET "/cats/1/edit" for ::1 at 2022-11-11 16:46:39 -0800
Processing by CatsController#edit as HTML
  Parameters: {"id"=>"1"}
  [1m[36mCat Load (1.0ms)[0m  [1m[34mSELECT "cats".* FROM "cats" WHERE "cats"."id" = $1 LIMIT $2[0m  [["id", 1], ["LIMIT", 1]]
  ↳ app/controllers/cats_controller.rb:26:in `edit'
  Rendering layout layouts/application.html.erb
  Rendering cats/edit.html.erb within layouts/application
  Rendered cats/edit.html.erb within layouts/application (Duration: 0.9ms | Allocations: 454)
  Rendered layout layouts/application.html.erb (Duration: 3.7ms | Allocations: 1962)
Completed 200 OK in 9ms (Views: 5.7ms | ActiveRecord: 1.0ms | Allocations: 3228)


Started GET "/cats/1/edit" for ::1 at 2022-11-11 16:46:42 -0800
Processing by CatsController#edit as HTML
  Parameters: {"id"=>"1"}
  [1m[36mCat Load (0.4ms)[0m  [1m[34mSELECT "cats".* FROM "cats" WHERE "cats"."id" = $1 LIMIT $2[0m  [["id", 1], ["LIMIT", 1]]
  ↳ app/controllers/cats_controller.rb:26:in `edit'
  Rendering layout layouts/application.html.erb
  Rendering cats/edit.html.erb within layouts/application
  Rendered cats/edit.html.erb within layouts/application (Duration: 0.2ms | Allocations: 70)
  Rendered layout layouts/application.html.erb (Duration: 2.0ms | Allocations: 1175)
Completed 200 OK in 5ms (Views: 2.9ms | ActiveRecord: 0.4ms | Allocations: 1952)


Started GET "/cats/1/edit" for ::1 at 2022-11-11 16:46:44 -0800
Processing by CatsController#edit as HTML
  Parameters: {"id"=>"1"}
  [1m[36mCat Load (0.2ms)[0m  [1m[34mSELECT "cats".* FROM "cats" WHERE "cats"."id" = $1 LIMIT $2[0m  [["id", 1], ["LIMIT", 1]]
  ↳ app/controllers/cats_controller.rb:26:in `edit'
  Rendering layout layouts/application.html.erb
  Rendering cats/edit.html.erb within layouts/application
  Rendered cats/edit.html.erb within layouts/application (Duration: 0.3ms | Allocations: 70)
  Rendered layout layouts/application.html.erb (Duration: 2.6ms | Allocations: 1187)
Completed 200 OK in 5ms (Views: 3.3ms | ActiveRecord: 0.2ms | Allocations: 1877)


Started GET "/cats/1/edit" for ::1 at 2022-11-11 16:46:57 -0800
Processing by CatsController#edit as HTML
  Parameters: {"id"=>"1"}
  [1m[36mCat Load (0.2ms)[0m  [1m[34mSELECT "cats".* FROM "cats" WHERE "cats"."id" = $1 LIMIT $2[0m  [["id", 1], ["LIMIT", 1]]
  ↳ app/controllers/cats_controller.rb:26:in `edit'
  Rendering layout layouts/application.html.erb
  Rendering cats/edit.html.erb within layouts/application
  Rendered cats/edit.html.erb within layouts/application (Duration: 0.3ms | Allocations: 70)
  Rendered layout layouts/application.html.erb (Duration: 3.1ms | Allocations: 1184)
Completed 200 OK in 5ms (Views: 3.5ms | ActiveRecord: 0.2ms | Allocations: 1874)


Started GET "/cats/1/edit" for ::1 at 2022-11-11 16:47:00 -0800
Processing by CatsController#edit as HTML
  Parameters: {"id"=>"1"}
  [1m[36mCat Load (0.2ms)[0m  [1m[34mSELECT "cats".* FROM "cats" WHERE "cats"."id" = $1 LIMIT $2[0m  [["id", 1], ["LIMIT", 1]]
  ↳ app/controllers/cats_controller.rb:26:in `edit'
  Rendering layout layouts/application.html.erb
  Rendering cats/edit.html.erb within layouts/application
  Rendered cats/edit.html.erb within layouts/application (Duration: 0.2ms | Allocations: 70)
  Rendered layout layouts/application.html.erb (Duration: 2.1ms | Allocations: 1166)
Completed 200 OK in 5ms (Views: 2.6ms | ActiveRecord: 0.2ms | Allocations: 1856)


Started GET "/cats/1/edit" for ::1 at 2022-11-11 16:47:10 -0800
Processing by CatsController#edit as HTML
  Parameters: {"id"=>"1"}
  [1m[36mCat Load (0.3ms)[0m  [1m[34mSELECT "cats".* FROM "cats" WHERE "cats"."id" = $1 LIMIT $2[0m  [["id", 1], ["LIMIT", 1]]
  ↳ app/controllers/cats_controller.rb:26:in `edit'
  Rendering layout layouts/application.html.erb
  Rendering cats/edit.html.erb within layouts/application
  Rendered cats/edit.html.erb within layouts/application (Duration: 0.9ms | Allocations: 451)
  Rendered layout layouts/application.html.erb (Duration: 3.6ms | Allocations: 1953)
Completed 200 OK in 8ms (Views: 5.4ms | ActiveRecord: 0.3ms | Allocations: 3129)


Started GET "/cats/1/edit" for ::1 at 2022-11-11 16:48:09 -0800
Processing by CatsController#edit as HTML
  Parameters: {"id"=>"1"}
  [1m[36mCat Load (0.2ms)[0m  [1m[34mSELECT "cats".* FROM "cats" WHERE "cats"."id" = $1 LIMIT $2[0m  [["id", 1], ["LIMIT", 1]]
  ↳ app/controllers/cats_controller.rb:26:in `edit'
  Rendering layout layouts/application.html.erb
  Rendering cats/edit.html.erb within layouts/application
  Rendered cats/edit.html.erb within layouts/application (Duration: 0.8ms | Allocations: 498)
  Rendered layout layouts/application.html.erb (Duration: 3.3ms | Allocations: 1985)
Completed 200 OK in 12ms (Views: 5.8ms | ActiveRecord: 0.2ms | Allocations: 3248)


Started GET "/cats/1/edit" for ::1 at 2022-11-11 16:48:58 -0800
Processing by CatsController#edit as HTML
  Parameters: {"id"=>"1"}
  [1m[36mCat Load (0.2ms)[0m  [1m[34mSELECT "cats".* FROM "cats" WHERE "cats"."id" = $1 LIMIT $2[0m  [["id", 1], ["LIMIT", 1]]
  ↳ app/controllers/cats_controller.rb:26:in `edit'
  Rendering layout layouts/application.html.erb
  Rendering cats/edit.html.erb within layouts/application
  Rendered cats/edit.html.erb within layouts/application (Duration: 0.9ms | Allocations: 499)
  Rendered layout layouts/application.html.erb (Duration: 4.6ms | Allocations: 1984)
Completed 200 OK in 16ms (Views: 6.3ms | ActiveRecord: 0.2ms | Allocations: 3249)


Started GET "/cats/1/edit" for ::1 at 2022-11-11 16:55:20 -0800
Processing by CatsController#edit as HTML
  Parameters: {"id"=>"1"}
  [1m[36mCat Load (0.5ms)[0m  [1m[34mSELECT "cats".* FROM "cats" WHERE "cats"."id" = $1 LIMIT $2[0m  [["id", 1], ["LIMIT", 1]]
  ↳ app/controllers/cats_controller.rb:26:in `edit'
  Rendering layout layouts/application.html.erb
  Rendering cats/edit.html.erb within layouts/application
  Rendered cats/_form.html.erb (Duration: 1.3ms | Allocations: 448)
  Rendered cats/edit.html.erb within layouts/application (Duration: 2.1ms | Allocations: 697)
  Rendered layout layouts/application.html.erb (Duration: 5.1ms | Allocations: 2214)
Completed 200 OK in 24ms (Views: 7.0ms | ActiveRecord: 7.6ms | Allocations: 6521)


Started GET "/cats/1/edit" for ::1 at 2022-11-11 16:55:22 -0800
Processing by CatsController#edit as HTML
  Parameters: {"id"=>"1"}
  [1m[36mCat Load (0.3ms)[0m  [1m[34mSELECT "cats".* FROM "cats" WHERE "cats"."id" = $1 LIMIT $2[0m  [["id", 1], ["LIMIT", 1]]
  ↳ app/controllers/cats_controller.rb:26:in `edit'
  Rendering layout layouts/application.html.erb
  Rendering cats/edit.html.erb within layouts/application
  Rendered cats/_form.html.erb (Duration: 0.4ms | Allocations: 68)
  Rendered cats/edit.html.erb within layouts/application (Duration: 0.6ms | Allocations: 128)
  Rendered layout layouts/application.html.erb (Duration: 2.5ms | Allocations: 1251)
Completed 200 OK in 5ms (Views: 3.1ms | ActiveRecord: 0.3ms | Allocations: 2029)


Started GET "/cats/new" for ::1 at 2022-11-11 16:55:28 -0800
Processing by CatsController#new as HTML
  Rendering layout layouts/application.html.erb
  Rendering cats/new.html.erb within layouts/application
  Rendered cats/_form.html.erb (Duration: 0.2ms | Allocations: 51)
  Rendered cats/new.html.erb within layouts/application (Duration: 0.7ms | Allocations: 205)
  Rendered layout layouts/application.html.erb (Duration: 3.0ms | Allocations: 1333)
Completed 200 OK in 4ms (Views: 3.7ms | ActiveRecord: 0.0ms | Allocations: 1604)


Started GET "/cats/new" for ::1 at 2022-11-11 16:58:00 -0800
Processing by CatsController#new as HTML
  Rendering layout layouts/application.html.erb
  Rendering cats/new.html.erb within layouts/application
  Rendered cats/_form.html.erb (Duration: 0.7ms | Allocations: 447)
  Rendered cats/new.html.erb within layouts/application (Duration: 2.1ms | Allocations: 694)
  Rendered layout layouts/application.html.erb (Duration: 5.5ms | Allocations: 2190)
Completed 200 OK in 8ms (Views: 7.7ms | ActiveRecord: 0.0ms | Allocations: 2880)


Started GET "/cats/1/edit" for ::1 at 2022-11-11 16:58:04 -0800
Processing by CatsController#edit as HTML
  Parameters: {"id"=>"1"}
  [1m[36mCat Load (0.2ms)[0m  [1m[34mSELECT "cats".* FROM "cats" WHERE "cats"."id" = $1 LIMIT $2[0m  [["id", 1], ["LIMIT", 1]]
  ↳ app/controllers/cats_controller.rb:26:in `edit'
  Rendering layout layouts/application.html.erb
  Rendering cats/edit.html.erb within layouts/application
  Rendered cats/_form.html.erb (Duration: 0.2ms | Allocations: 83)
  Rendered cats/edit.html.erb within layouts/application (Duration: 0.9ms | Allocations: 236)
  Rendered layout layouts/application.html.erb (Duration: 2.9ms | Allocations: 1350)
Completed 200 OK in 6ms (Views: 3.8ms | ActiveRecord: 0.2ms | Allocations: 2185)


Started GET "/cats/1/edit" for ::1 at 2022-11-11 16:58:09 -0800
Processing by CatsController#edit as HTML
  Parameters: {"id"=>"1"}
  [1m[36mCat Load (0.4ms)[0m  [1m[34mSELECT "cats".* FROM "cats" WHERE "cats"."id" = $1 LIMIT $2[0m  [["id", 1], ["LIMIT", 1]]
  ↳ app/controllers/cats_controller.rb:26:in `edit'
  Rendering layout layouts/application.html.erb
  Rendering cats/edit.html.erb within layouts/application
  Rendered cats/_form.html.erb (Duration: 0.2ms | Allocations: 72)
  Rendered cats/edit.html.erb within layouts/application (Duration: 0.4ms | Allocations: 132)
  Rendered layout layouts/application.html.erb (Duration: 2.9ms | Allocations: 1231)
Completed 200 OK in 5ms (Views: 3.4ms | ActiveRecord: 0.4ms | Allocations: 1923)


Started GET "/cats/new" for ::1 at 2022-11-11 16:58:54 -0800
Processing by CatsController#new as HTML
  Rendering layout layouts/application.html.erb
  Rendering cats/new.html.erb within layouts/application
  Rendered cats/_form.html.erb (Duration: 1.0ms | Allocations: 491)
  Rendered cats/new.html.erb within layouts/application (Duration: 2.5ms | Allocations: 738)
  Rendered layout layouts/application.html.erb (Duration: 6.2ms | Allocations: 2243)
Completed 200 OK in 9ms (Views: 9.1ms | ActiveRecord: 0.0ms | Allocations: 2937)


Started GET "/cats/new" for ::1 at 2022-11-11 16:58:56 -0800
Processing by CatsController#new as HTML
  Rendering layout layouts/application.html.erb
  Rendering cats/new.html.erb within layouts/application
  Rendered cats/_form.html.erb (Duration: 0.3ms | Allocations: 51)
  Rendered cats/new.html.erb within layouts/application (Duration: 0.6ms | Allocations: 111)
  Rendered layout layouts/application.html.erb (Duration: 3.5ms | Allocations: 1230)
Completed 200 OK in 5ms (Views: 4.3ms | ActiveRecord: 0.0ms | Allocations: 1461)


Started GET "/cats/1/edit" for ::1 at 2022-11-11 16:59:00 -0800
Processing by CatsController#edit as HTML
  Parameters: {"id"=>"1"}
  [1m[36mCat Load (0.5ms)[0m  [1m[34mSELECT "cats".* FROM "cats" WHERE "cats"."id" = $1 LIMIT $2[0m  [["id", 1], ["LIMIT", 1]]
  ↳ app/controllers/cats_controller.rb:26:in `edit'
  Rendering layout layouts/application.html.erb
  Rendering cats/edit.html.erb within layouts/application
  Rendered cats/_form.html.erb (Duration: 0.2ms | Allocations: 85)
  Rendered cats/edit.html.erb within layouts/application (Duration: 1.4ms | Allocations: 238)
  Rendered layout layouts/application.html.erb (Duration: 3.9ms | Allocations: 1373)
Completed 200 OK in 8ms (Views: 5.3ms | ActiveRecord: 0.5ms | Allocations: 2186)


Started GET "/cats/1/edit" for ::1 at 2022-11-11 16:59:01 -0800
Processing by CatsController#edit as HTML
  Parameters: {"id"=>"1"}
  [1m[36mCat Load (0.4ms)[0m  [1m[34mSELECT "cats".* FROM "cats" WHERE "cats"."id" = $1 LIMIT $2[0m  [["id", 1], ["LIMIT", 1]]
  ↳ app/controllers/cats_controller.rb:26:in `edit'
  Rendering layout layouts/application.html.erb
  Rendering cats/edit.html.erb within layouts/application
  Rendered cats/_form.html.erb (Duration: 0.4ms | Allocations: 74)
  Rendered cats/edit.html.erb within layouts/application (Duration: 0.9ms | Allocations: 134)
  Rendered layout layouts/application.html.erb (Duration: 3.4ms | Allocations: 1242)
Completed 200 OK in 7ms (Views: 4.1ms | ActiveRecord: 0.4ms | Allocations: 1933)


Started GET "/cats/2/edit" for ::1 at 2022-11-11 16:59:04 -0800
Processing by CatsController#edit as HTML
  Parameters: {"id"=>"2"}
  [1m[36mCat Load (0.2ms)[0m  [1m[34mSELECT "cats".* FROM "cats" WHERE "cats"."id" = $1 LIMIT $2[0m  [["id", 2], ["LIMIT", 1]]
  ↳ app/controllers/cats_controller.rb:26:in `edit'
  Rendering layout layouts/application.html.erb
  Rendering cats/edit.html.erb within layouts/application
  Rendered cats/_form.html.erb (Duration: 0.2ms | Allocations: 74)
  Rendered cats/edit.html.erb within layouts/application (Duration: 0.4ms | Allocations: 134)
  Rendered layout layouts/application.html.erb (Duration: 3.0ms | Allocations: 1245)
Completed 200 OK in 5ms (Views: 3.5ms | ActiveRecord: 0.2ms | Allocations: 1936)


Started GET "/cats/7/edit" for ::1 at 2022-11-11 16:59:08 -0800
Processing by CatsController#edit as HTML
  Parameters: {"id"=>"7"}
  [1m[36mCat Load (0.1ms)[0m  [1m[34mSELECT "cats".* FROM "cats" WHERE "cats"."id" = $1 LIMIT $2[0m  [["id", 7], ["LIMIT", 1]]
  ↳ app/controllers/cats_controller.rb:26:in `edit'
  Rendering layout layouts/application.html.erb
  Rendering cats/edit.html.erb within layouts/application
  Rendered cats/_form.html.erb (Duration: 0.2ms | Allocations: 74)
  Rendered cats/edit.html.erb within layouts/application (Duration: 0.3ms | Allocations: 134)
  Rendered layout layouts/application.html.erb (Duration: 2.4ms | Allocations: 1254)
Completed 200 OK in 5ms (Views: 2.9ms | ActiveRecord: 0.1ms | Allocations: 1945)


Started GET "/cats/8/edit" for ::1 at 2022-11-11 16:59:16 -0800
Processing by CatsController#edit as HTML
  Parameters: {"id"=>"8"}
  [1m[36mCat Load (0.2ms)[0m  [1m[34mSELECT "cats".* FROM "cats" WHERE "cats"."id" = $1 LIMIT $2[0m  [["id", 8], ["LIMIT", 1]]
  ↳ app/controllers/cats_controller.rb:26:in `edit'
  Rendering layout layouts/application.html.erb
  Rendering cats/edit.html.erb within layouts/application
  Rendered cats/_form.html.erb (Duration: 0.2ms | Allocations: 74)
  Rendered cats/edit.html.erb within layouts/application (Duration: 0.4ms | Allocations: 134)
  Rendered layout layouts/application.html.erb (Duration: 3.8ms | Allocations: 1251)
Completed 200 OK in 6ms (Views: 4.3ms | ActiveRecord: 0.2ms | Allocations: 1942)


Started PATCH "/cats/8" for ::1 at 2022-11-11 16:59:26 -0800
Processing by CatsController#update as HTML
  Parameters: {"cat"=>{"name"=>"", "birth_date"=>"2015-01-20", "color"=>"brown", "sex"=>"F", "description"=>""}, "id"=>"8"}
  Rendering layout layouts/application.html.erb
  Rendering cats/update.html.erb within layouts/application
  Rendered cats/update.html.erb within layouts/application (Duration: 0.3ms | Allocations: 71)
  Rendered layout layouts/application.html.erb (Duration: 2.2ms | Allocations: 1201)
Completed 200 OK in 3ms (Views: 2.7ms | ActiveRecord: 0.0ms | Allocations: 1461)


Started PATCH "/cats/8" for ::1 at 2022-11-11 17:01:26 -0800
Processing by CatsController#update as HTML
  Parameters: {"cat"=>{"name"=>"", "birth_date"=>"2015-01-20", "color"=>"brown", "sex"=>"F", "description"=>""}, "id"=>"8"}
  [1m[36mCat Load (0.2ms)[0m  [1m[34mSELECT "cats".* FROM "cats" WHERE "cats"."id" = $1 LIMIT $2[0m  [["id", 8], ["LIMIT", 1]]
  ↳ app/controllers/cats_controller.rb:22:in `update'
Redirected to http://localhost:3000/cats/8/edit
Completed 302 Found in 29ms (ActiveRecord: 8.1ms | Allocations: 6384)


Started GET "/cats/8/edit" for ::1 at 2022-11-11 17:01:26 -0800
Processing by CatsController#edit as HTML
  Parameters: {"id"=>"8"}
  [1m[36mCat Load (0.2ms)[0m  [1m[34mSELECT "cats".* FROM "cats" WHERE "cats"."id" = $1 LIMIT $2[0m  [["id", 8], ["LIMIT", 1]]
  ↳ app/controllers/cats_controller.rb:31:in `edit'
  Rendering layout layouts/application.html.erb
  Rendering cats/edit.html.erb within layouts/application
  Rendered cats/_form.html.erb (Duration: 0.2ms | Allocations: 129)
  Rendered cats/edit.html.erb within layouts/application (Duration: 0.4ms | Allocations: 203)
  Rendered layout layouts/application.html.erb (Duration: 2.5ms | Allocations: 1559)
Completed 200 OK in 5ms (Views: 3.3ms | ActiveRecord: 0.2ms | Allocations: 2547)


Started PATCH "/cats/8" for ::1 at 2022-11-11 17:01:35 -0800
Processing by CatsController#update as HTML
  Parameters: {"cat"=>{"name"=>"", "birth_date"=>"2015-01-20", "color"=>"brown", "sex"=>"F", "description"=>"hello from web"}, "id"=>"8"}
  [1m[36mCat Load (0.2ms)[0m  [1m[34mSELECT "cats".* FROM "cats" WHERE "cats"."id" = $1 LIMIT $2[0m  [["id", 8], ["LIMIT", 1]]
  ↳ app/controllers/cats_controller.rb:22:in `update'
Redirected to http://localhost:3000/cats/8/edit
Completed 302 Found in 16ms (ActiveRecord: 0.2ms | Allocations: 2052)


Started GET "/cats/8/edit" for ::1 at 2022-11-11 17:01:35 -0800
Processing by CatsController#edit as HTML
  Parameters: {"id"=>"8"}
  [1m[36mCat Load (0.2ms)[0m  [1m[34mSELECT "cats".* FROM "cats" WHERE "cats"."id" = $1 LIMIT $2[0m  [["id", 8], ["LIMIT", 1]]
  ↳ app/controllers/cats_controller.rb:31:in `edit'
  Rendering layout layouts/application.html.erb
  Rendering cats/edit.html.erb within layouts/application
  Rendered cats/_form.html.erb (Duration: 0.2ms | Allocations: 74)
  Rendered cats/edit.html.erb within layouts/application (Duration: 0.3ms | Allocations: 134)
  Rendered layout layouts/application.html.erb (Duration: 2.3ms | Allocations: 1257)
Completed 200 OK in 4ms (Views: 2.7ms | ActiveRecord: 0.2ms | Allocations: 1968)


Started GET "/cats/8" for ::1 at 2022-11-11 17:01:48 -0800
Processing by CatsController#show as HTML
  Parameters: {"id"=>"8"}
  [1m[36mCat Load (0.2ms)[0m  [1m[34mSELECT "cats".* FROM "cats" WHERE "cats"."id" = $1 LIMIT $2[0m  [["id", 8], ["LIMIT", 1]]
  ↳ app/controllers/cats_controller.rb:8:in `show'
  Rendering layout layouts/application.html.erb
  Rendering cats/show.html.erb within layouts/application
  Rendered cats/_table.html.erb (Duration: 0.8ms | Allocations: 176)
  Rendered cats/show.html.erb within layouts/application (Duration: 2.6ms | Allocations: 398)
  Rendered layout layouts/application.html.erb (Duration: 4.8ms | Allocations: 1506)
Completed 200 OK in 8ms (Views: 5.9ms | ActiveRecord: 0.2ms | Allocations: 2274)


Started PATCH "/cats/8" for ::1 at 2022-11-11 17:02:17 -0800
Processing by CatsController#update as HTML
  Parameters: {"cat"=>{"name"=>"", "birth_date"=>"2015-01-20", "color"=>"black", "sex"=>"M", "description"=>"hello from web"}, "id"=>"8"}
  [1m[36mCat Load (0.2ms)[0m  [1m[34mSELECT "cats".* FROM "cats" WHERE "cats"."id" = $1 LIMIT $2[0m  [["id", 8], ["LIMIT", 1]]
  ↳ app/controllers/cats_controller.rb:22:in `update'
Redirected to http://localhost:3000/cats/8/edit
Completed 302 Found in 10ms (ActiveRecord: 0.2ms | Allocations: 1930)


Started GET "/cats/8/edit" for ::1 at 2022-11-11 17:02:17 -0800
Processing by CatsController#edit as HTML
  Parameters: {"id"=>"8"}
  [1m[36mCat Load (0.2ms)[0m  [1m[34mSELECT "cats".* FROM "cats" WHERE "cats"."id" = $1 LIMIT $2[0m  [["id", 8], ["LIMIT", 1]]
  ↳ app/controllers/cats_controller.rb:31:in `edit'
  Rendering layout layouts/application.html.erb
  Rendering cats/edit.html.erb within layouts/application
  Rendered cats/_form.html.erb (Duration: 0.2ms | Allocations: 74)
  Rendered cats/edit.html.erb within layouts/application (Duration: 0.4ms | Allocations: 134)
  Rendered layout layouts/application.html.erb (Duration: 2.8ms | Allocations: 1257)
Completed 200 OK in 5ms (Views: 3.3ms | ActiveRecord: 0.2ms | Allocations: 1950)


Started PATCH "/cats/8" for ::1 at 2022-11-11 17:03:10 -0800
Processing by CatsController#update as HTML
  Parameters: {"cat"=>{"name"=>"", "birth_date"=>"2015-01-20", "color"=>"white", "sex"=>"F", "description"=>"hello from web"}, "id"=>"8"}
  [1m[36mCat Load (0.2ms)[0m  [1m[34mSELECT "cats".* FROM "cats" WHERE "cats"."id" = $1 LIMIT $2[0m  [["id", 8], ["LIMIT", 1]]
  ↳ app/controllers/cats_controller.rb:22:in `update'
Redirected to http://localhost:3000/cats/8/edit
Completed 302 Found in 3ms (ActiveRecord: 0.2ms | Allocations: 1930)


Started GET "/cats/8/edit" for ::1 at 2022-11-11 17:03:10 -0800
Processing by CatsController#edit as HTML
  Parameters: {"id"=>"8"}
  [1m[36mCat Load (0.2ms)[0m  [1m[34mSELECT "cats".* FROM "cats" WHERE "cats"."id" = $1 LIMIT $2[0m  [["id", 8], ["LIMIT", 1]]
  ↳ app/controllers/cats_controller.rb:31:in `edit'
  Rendering layout layouts/application.html.erb
  Rendering cats/edit.html.erb within layouts/application
  Rendered cats/_form.html.erb (Duration: 5.7ms | Allocations: 5768)
  Rendered cats/edit.html.erb within layouts/application (Duration: 6.9ms | Allocations: 6018)
  Rendered layout layouts/application.html.erb (Duration: 7.1ms | Allocations: 6103)
Completed 500 Internal Server Error in 23ms (ActiveRecord: 0.2ms | Allocations: 7268)



NoMethodError - undefined method `url' for #<ActionView::Base:0x0000000000c9b8>
Did you mean?  URI:
  app/views/cats/_form.html.erb:5
  app/views/cats/edit.html.erb:3
  app/controllers/cats_controller.rb:32:in `edit'

Started POST "/__better_errors/6a05d3d5db667679/variables" for ::1 at 2022-11-11 17:03:10 -0800
Started GET "/cats" for ::1 at 2022-11-11 17:04:23 -0800
  [1m[36mActiveRecord::SchemaMigration Pluck (1.3ms)[0m  [1m[34mSELECT "schema_migrations"."version" FROM "schema_migrations" ORDER BY "schema_migrations"."version" ASC[0m
Processing by CatsController#index as HTML
  Rendering layout layouts/application.html.erb
  Rendering cats/index.html.erb within layouts/application
  [1m[36mCat Load (0.6ms)[0m  [1m[34mSELECT "cats".* FROM "cats"[0m
  ↳ app/views/cats/index.html.erb:2
  Rendered cats/_table.html.erb (Duration: 0.5ms | Allocations: 261)
  Rendered cats/_table.html.erb (Duration: 0.1ms | Allocations: 24)
  Rendered cats/_table.html.erb (Duration: 0.0ms | Allocations: 24)
  Rendered cats/_table.html.erb (Duration: 0.0ms | Allocations: 24)
  Rendered cats/_table.html.erb (Duration: 0.0ms | Allocations: 24)
  Rendered cats/_table.html.erb (Duration: 0.0ms | Allocations: 24)
  Rendered cats/_table.html.erb (Duration: 0.0ms | Allocations: 24)
  Rendered cats/_table.html.erb (Duration: 0.3ms | Allocations: 24)
  Rendered cats/_table.html.erb (Duration: 0.0ms | Allocations: 24)
  Rendered cats/_table.html.erb (Duration: 0.0ms | Allocations: 27)
  Rendered cats/index.html.erb within layouts/application (Duration: 18.2ms | Allocations: 7992)
  Rendered layout layouts/application.html.erb (Duration: 39.7ms | Allocations: 13587)
Completed 200 OK in 49ms (Views: 41.7ms | ActiveRecord: 4.5ms | Allocations: 16795)


Started GET "/cats/10" for ::1 at 2022-11-11 17:04:32 -0800
Processing by CatsController#show as HTML
  Parameters: {"id"=>"10"}
  [1m[36mCat Load (0.3ms)[0m  [1m[34mSELECT "cats".* FROM "cats" WHERE "cats"."id" = $1 LIMIT $2[0m  [["id", 10], ["LIMIT", 1]]
  ↳ app/controllers/cats_controller.rb:8:in `show'
  Rendering layout layouts/application.html.erb
  Rendering cats/show.html.erb within layouts/application
  Rendered cats/_table.html.erb (Duration: 0.1ms | Allocations: 35)
  Rendered cats/show.html.erb within layouts/application (Duration: 1.3ms | Allocations: 210)
  Rendered layout layouts/application.html.erb (Duration: 4.9ms | Allocations: 1500)
Completed 200 OK in 12ms (Views: 5.9ms | ActiveRecord: 0.5ms | Allocations: 5349)


Started GET "/cats/10/edit" for ::1 at 2022-11-11 17:04:36 -0800
Processing by CatsController#edit as HTML
  Parameters: {"id"=>"10"}
  [1m[36mCat Load (0.2ms)[0m  [1m[34mSELECT "cats".* FROM "cats" WHERE "cats"."id" = $1 LIMIT $2[0m  [["id", 10], ["LIMIT", 1]]
  ↳ app/controllers/cats_controller.rb:31:in `edit'
  Rendering layout layouts/application.html.erb
  Rendering cats/edit.html.erb within layouts/application
  Rendered cats/_form.html.erb (Duration: 1.2ms | Allocations: 587)
  Rendered cats/edit.html.erb within layouts/application (Duration: 2.2ms | Allocations: 799)
  Rendered layout layouts/application.html.erb (Duration: 4.2ms | Allocations: 1911)
Completed 200 OK in 7ms (Views: 5.0ms | ActiveRecord: 0.2ms | Allocations: 2680)


Started PATCH "/cats/10" for ::1 at 2022-11-11 17:04:47 -0800
Processing by CatsController#update as HTML
  Parameters: {"cat"=>{"name"=>"", "birth_date"=>"2022-11-01", "color"=>"brown", "sex"=>"M", "description"=>"created and editted"}, "id"=>"10"}
  [1m[36mCat Load (0.2ms)[0m  [1m[34mSELECT "cats".* FROM "cats" WHERE "cats"."id" = $1 LIMIT $2[0m  [["id", 10], ["LIMIT", 1]]
  ↳ app/controllers/cats_controller.rb:22:in `update'
Redirected to http://localhost:3000/cats/10/edit
Completed 302 Found in 3ms (ActiveRecord: 0.2ms | Allocations: 2568)


Started GET "/cats/10/edit" for ::1 at 2022-11-11 17:04:47 -0800
Processing by CatsController#edit as HTML
  Parameters: {"id"=>"10"}
  [1m[36mCat Load (0.2ms)[0m  [1m[34mSELECT "cats".* FROM "cats" WHERE "cats"."id" = $1 LIMIT $2[0m  [["id", 10], ["LIMIT", 1]]
  ↳ app/controllers/cats_controller.rb:31:in `edit'
  Rendering layout layouts/application.html.erb
  Rendering cats/edit.html.erb within layouts/application
  Rendered cats/_form.html.erb (Duration: 0.2ms | Allocations: 87)
  Rendered cats/edit.html.erb within layouts/application (Duration: 0.4ms | Allocations: 153)
  Rendered layout layouts/application.html.erb (Duration: 2.4ms | Allocations: 1439)
Completed 200 OK in 19ms (Views: 2.9ms | ActiveRecord: 0.2ms | Allocations: 2179)


Started PATCH "/cats/10" for ::1 at 2022-11-11 17:07:24 -0800
Processing by CatsController#update as HTML
  Parameters: {"cat"=>{"name"=>"", "birth_date"=>"2022-11-01", "color"=>"brown", "sex"=>"M", "description"=>""}, "id"=>"10"}
  [1m[36mCat Load (0.3ms)[0m  [1m[34mSELECT "cats".* FROM "cats" WHERE "cats"."id" = $1 LIMIT $2[0m  [["id", 10], ["LIMIT", 1]]
  ↳ app/controllers/cats_controller.rb:22:in `update'
Redirected to http://localhost:3000/cats/10/edit
Completed 302 Found in 16ms (ActiveRecord: 0.3ms | Allocations: 1933)


Started GET "/cats/10/edit" for ::1 at 2022-11-11 17:07:24 -0800
Processing by CatsController#edit as HTML
  Parameters: {"id"=>"10"}
  [1m[36mCat Load (0.3ms)[0m  [1m[34mSELECT "cats".* FROM "cats" WHERE "cats"."id" = $1 LIMIT $2[0m  [["id", 10], ["LIMIT", 1]]
  ↳ app/controllers/cats_controller.rb:31:in `edit'
  Rendering layout layouts/application.html.erb
  Rendering cats/edit.html.erb within layouts/application
  Rendered cats/_form.html.erb (Duration: 0.2ms | Allocations: 76)
  Rendered cats/edit.html.erb within layouts/application (Duration: 0.5ms | Allocations: 136)
  Rendered layout layouts/application.html.erb (Duration: 2.6ms | Allocations: 1235)
Completed 200 OK in 5ms (Views: 3.4ms | ActiveRecord: 0.3ms | Allocations: 1929)


Started PATCH "/cats/10" for ::1 at 2022-11-11 17:07:27 -0800
Processing by CatsController#update as HTML
  Parameters: {"cat"=>{"name"=>"", "birth_date"=>"2022-11-01", "color"=>"brown", "sex"=>"M", "description"=>""}, "id"=>"10"}
  [1m[36mCat Load (0.2ms)[0m  [1m[34mSELECT "cats".* FROM "cats" WHERE "cats"."id" = $1 LIMIT $2[0m  [["id", 10], ["LIMIT", 1]]
  ↳ app/controllers/cats_controller.rb:22:in `update'
Redirected to http://localhost:3000/cats/10/edit
Completed 302 Found in 15ms (ActiveRecord: 0.2ms | Allocations: 1934)


Started GET "/cats/10/edit" for ::1 at 2022-11-11 17:07:27 -0800
Processing by CatsController#edit as HTML
  Parameters: {"id"=>"10"}
  [1m[36mCat Load (0.4ms)[0m  [1m[34mSELECT "cats".* FROM "cats" WHERE "cats"."id" = $1 LIMIT $2[0m  [["id", 10], ["LIMIT", 1]]
  ↳ app/controllers/cats_controller.rb:31:in `edit'
  Rendering layout layouts/application.html.erb
  Rendering cats/edit.html.erb within layouts/application
  Rendered cats/_form.html.erb (Duration: 0.3ms | Allocations: 76)
  Rendered cats/edit.html.erb within layouts/application (Duration: 0.6ms | Allocations: 136)
  Rendered layout layouts/application.html.erb (Duration: 3.2ms | Allocations: 1250)
Completed 200 OK in 6ms (Views: 4.0ms | ActiveRecord: 0.4ms | Allocations: 1944)


Started PATCH "/cats/10" for ::1 at 2022-11-11 17:07:32 -0800
Processing by CatsController#update as HTML
  Parameters: {"cat"=>{"name"=>"", "birth_date"=>"2022-11-01", "color"=>"brown", "sex"=>"M", "description"=>""}, "id"=>"10"}
  [1m[36mCat Load (0.4ms)[0m  [1m[34mSELECT "cats".* FROM "cats" WHERE "cats"."id" = $1 LIMIT $2[0m  [["id", 10], ["LIMIT", 1]]
  ↳ app/controllers/cats_controller.rb:22:in `update'
Redirected to http://localhost:3000/cats/10/edit
Completed 302 Found in 4ms (ActiveRecord: 0.4ms | Allocations: 1931)


Started GET "/cats/10/edit" for ::1 at 2022-11-11 17:07:32 -0800
Processing by CatsController#edit as HTML
  Parameters: {"id"=>"10"}
  [1m[36mCat Load (0.2ms)[0m  [1m[34mSELECT "cats".* FROM "cats" WHERE "cats"."id" = $1 LIMIT $2[0m  [["id", 10], ["LIMIT", 1]]
  ↳ app/controllers/cats_controller.rb:31:in `edit'
  Rendering layout layouts/application.html.erb
  Rendering cats/edit.html.erb within layouts/application
  Rendered cats/_form.html.erb (Duration: 0.4ms | Allocations: 76)
  Rendered cats/edit.html.erb within layouts/application (Duration: 0.7ms | Allocations: 136)
  Rendered layout layouts/application.html.erb (Duration: 3.2ms | Allocations: 1235)
Completed 200 OK in 5ms (Views: 3.8ms | ActiveRecord: 0.2ms | Allocations: 1929)


Started PATCH "/cats/10" for ::1 at 2022-11-11 17:07:34 -0800
Processing by CatsController#update as HTML
  Parameters: {"cat"=>{"name"=>"", "birth_date"=>"2022-11-01", "color"=>"brown", "sex"=>"M", "description"=>""}, "id"=>"10"}
  [1m[36mCat Load (0.2ms)[0m  [1m[34mSELECT "cats".* FROM "cats" WHERE "cats"."id" = $1 LIMIT $2[0m  [["id", 10], ["LIMIT", 1]]
  ↳ app/controllers/cats_controller.rb:22:in `update'
Redirected to http://localhost:3000/cats/10/edit
Completed 302 Found in 23ms (ActiveRecord: 0.2ms | Allocations: 1933)


Started GET "/cats/10/edit" for ::1 at 2022-11-11 17:07:34 -0800
Processing by CatsController#edit as HTML
  Parameters: {"id"=>"10"}
  [1m[36mCat Load (0.4ms)[0m  [1m[34mSELECT "cats".* FROM "cats" WHERE "cats"."id" = $1 LIMIT $2[0m  [["id", 10], ["LIMIT", 1]]
  ↳ app/controllers/cats_controller.rb:31:in `edit'
  Rendering layout layouts/application.html.erb
  Rendering cats/edit.html.erb within layouts/application
  Rendered cats/_form.html.erb (Duration: 0.2ms | Allocations: 76)
  Rendered cats/edit.html.erb within layouts/application (Duration: 0.4ms | Allocations: 136)
  Rendered layout layouts/application.html.erb (Duration: 2.7ms | Allocations: 1259)
Completed 200 OK in 6ms (Views: 3.3ms | ActiveRecord: 0.4ms | Allocations: 1953)


Started PATCH "/cats/10" for ::1 at 2022-11-11 17:07:35 -0800
Processing by CatsController#update as HTML
  Parameters: {"cat"=>{"name"=>"", "birth_date"=>"2022-11-01", "color"=>"brown", "sex"=>"M", "description"=>""}, "id"=>"10"}
  [1m[36mCat Load (0.2ms)[0m  [1m[34mSELECT "cats".* FROM "cats" WHERE "cats"."id" = $1 LIMIT $2[0m  [["id", 10], ["LIMIT", 1]]
  ↳ app/controllers/cats_controller.rb:22:in `update'
Redirected to http://localhost:3000/cats/10/edit
Completed 302 Found in 5ms (ActiveRecord: 0.2ms | Allocations: 1949)


Started GET "/cats/10/edit" for ::1 at 2022-11-11 17:07:35 -0800
Processing by CatsController#edit as HTML
  Parameters: {"id"=>"10"}
  [1m[36mCat Load (0.5ms)[0m  [1m[34mSELECT "cats".* FROM "cats" WHERE "cats"."id" = $1 LIMIT $2[0m  [["id", 10], ["LIMIT", 1]]
  ↳ app/controllers/cats_controller.rb:31:in `edit'
  Rendering layout layouts/application.html.erb
  Rendering cats/edit.html.erb within layouts/application
  Rendered cats/_form.html.erb (Duration: 0.3ms | Allocations: 76)
  Rendered cats/edit.html.erb within layouts/application (Duration: 0.5ms | Allocations: 136)
  Rendered layout layouts/application.html.erb (Duration: 2.8ms | Allocations: 1260)
Completed 200 OK in 9ms (Views: 3.4ms | ActiveRecord: 0.5ms | Allocations: 1955)


Started PATCH "/cats/10" for ::1 at 2022-11-11 17:08:17 -0800
Processing by CatsController#update as HTML
  Parameters: {"cat"=>{"name"=>"web created", "birth_date"=>"2022-11-01", "color"=>"brown", "sex"=>"M", "description"=>"created and updated"}, "id"=>"10"}
  [1m[36mCat Load (0.3ms)[0m  [1m[34mSELECT "cats".* FROM "cats" WHERE "cats"."id" = $1 LIMIT $2[0m  [["id", 10], ["LIMIT", 1]]
  ↳ app/controllers/cats_controller.rb:22:in `update'
  [1m[36mTRANSACTION (0.2ms)[0m  [1m[35mBEGIN[0m
  ↳ app/controllers/cats_controller.rb:23:in `update'
  [1m[36mCat Update (0.6ms)[0m  [1m[33mUPDATE "cats" SET "description" = $1, "updated_at" = $2 WHERE "cats"."id" = $3[0m  [["description", "created and updated"], ["updated_at", "2022-11-12 01:08:17.970986"], ["id", 10]]
  ↳ app/controllers/cats_controller.rb:23:in `update'
  [1m[36mTRANSACTION (17.5ms)[0m  [1m[35mCOMMIT[0m
  ↳ app/controllers/cats_controller.rb:23:in `update'
Redirected to http://localhost:3000/cats/10
Completed 302 Found in 27ms (ActiveRecord: 18.6ms | Allocations: 3840)


Started GET "/cats/10" for ::1 at 2022-11-11 17:08:17 -0800
Processing by CatsController#show as HTML
  Parameters: {"id"=>"10"}
  [1m[36mCat Load (0.2ms)[0m  [1m[34mSELECT "cats".* FROM "cats" WHERE "cats"."id" = $1 LIMIT $2[0m  [["id", 10], ["LIMIT", 1]]
  ↳ app/controllers/cats_controller.rb:8:in `show'
  Rendering layout layouts/application.html.erb
  Rendering cats/show.html.erb within layouts/application
  Rendered cats/_table.html.erb (Duration: 0.2ms | Allocations: 27)
  Rendered cats/show.html.erb within layouts/application (Duration: 0.6ms | Allocations: 87)
  Rendered layout layouts/application.html.erb (Duration: 4.1ms | Allocations: 1201)
Completed 200 OK in 7ms (Views: 5.2ms | ActiveRecord: 0.2ms | Allocations: 1894)


Started GET "/cats/10/edit" for ::1 at 2022-11-11 17:08:47 -0800
Processing by CatsController#edit as HTML
  Parameters: {"id"=>"10"}
  [1m[36mCat Load (0.3ms)[0m  [1m[34mSELECT "cats".* FROM "cats" WHERE "cats"."id" = $1 LIMIT $2[0m  [["id", 10], ["LIMIT", 1]]
  ↳ app/controllers/cats_controller.rb:31:in `edit'
  Rendering layout layouts/application.html.erb
  Rendering cats/edit.html.erb within layouts/application
  Rendered cats/_form.html.erb (Duration: 0.9ms | Allocations: 527)
  Rendered cats/edit.html.erb within layouts/application (Duration: 2.5ms | Allocations: 779)
  Rendered layout layouts/application.html.erb (Duration: 6.6ms | Allocations: 2272)
Completed 200 OK in 11ms (Views: 8.8ms | ActiveRecord: 0.3ms | Allocations: 3450)


Started PATCH "/cats/10" for ::1 at 2022-11-11 17:08:57 -0800
Processing by CatsController#update as HTML
  Parameters: {"cat"=>{"name"=>"web created", "birth_date"=>"2022-11-01", "color"=>"brown", "sex"=>"M", "description"=>""}, "id"=>"10"}
  [1m[36mCat Load (0.2ms)[0m  [1m[34mSELECT "cats".* FROM "cats" WHERE "cats"."id" = $1 LIMIT $2[0m  [["id", 10], ["LIMIT", 1]]
  ↳ app/controllers/cats_controller.rb:22:in `update'
  [1m[36mTRANSACTION (0.2ms)[0m  [1m[35mBEGIN[0m
  ↳ app/controllers/cats_controller.rb:23:in `update'
  [1m[36mCat Update (0.6ms)[0m  [1m[33mUPDATE "cats" SET "description" = $1, "updated_at" = $2 WHERE "cats"."id" = $3[0m  [["description", ""], ["updated_at", "2022-11-12 01:08:57.720781"], ["id", 10]]
  ↳ app/controllers/cats_controller.rb:23:in `update'
  [1m[36mTRANSACTION (0.5ms)[0m  [1m[35mCOMMIT[0m
  ↳ app/controllers/cats_controller.rb:23:in `update'
Redirected to http://localhost:3000/cats/10
Completed 302 Found in 9ms (ActiveRecord: 1.5ms | Allocations: 2680)


Started GET "/cats/10" for ::1 at 2022-11-11 17:08:57 -0800
Processing by CatsController#show as HTML
  Parameters: {"id"=>"10"}
  [1m[36mCat Load (0.2ms)[0m  [1m[34mSELECT "cats".* FROM "cats" WHERE "cats"."id" = $1 LIMIT $2[0m  [["id", 10], ["LIMIT", 1]]
  ↳ app/controllers/cats_controller.rb:8:in `show'
  Rendering layout layouts/application.html.erb
  Rendering cats/show.html.erb within layouts/application
  Rendered cats/_table.html.erb (Duration: 1.3ms | Allocations: 178)
  Rendered cats/show.html.erb within layouts/application (Duration: 3.5ms | Allocations: 379)
  Rendered layout layouts/application.html.erb (Duration: 8.5ms | Allocations: 1499)
Completed 200 OK in 19ms (Views: 9.9ms | ActiveRecord: 0.2ms | Allocations: 2264)


Started GET "/cats/10/edit" for ::1 at 2022-11-11 17:09:02 -0800
Processing by CatsController#edit as HTML
  Parameters: {"id"=>"10"}
  [1m[36mCat Load (0.2ms)[0m  [1m[34mSELECT "cats".* FROM "cats" WHERE "cats"."id" = $1 LIMIT $2[0m  [["id", 10], ["LIMIT", 1]]
  ↳ app/controllers/cats_controller.rb:31:in `edit'
  Rendering layout layouts/application.html.erb
  Rendering cats/edit.html.erb within layouts/application
  Rendered cats/_form.html.erb (Duration: 0.5ms | Allocations: 76)
  Rendered cats/edit.html.erb within layouts/application (Duration: 0.7ms | Allocations: 136)
  Rendered layout layouts/application.html.erb (Duration: 2.4ms | Allocations: 1232)
Completed 200 OK in 21ms (Views: 2.9ms | ActiveRecord: 0.2ms | Allocations: 1925)


Started PATCH "/cats/10" for ::1 at 2022-11-11 17:09:09 -0800
Processing by CatsController#update as HTML
  Parameters: {"cat"=>{"name"=>"web created", "birth_date"=>"2022-11-01", "color"=>"brown", "sex"=>"M", "description"=>"web changed"}, "id"=>"10"}
  [1m[36mCat Load (0.2ms)[0m  [1m[34mSELECT "cats".* FROM "cats" WHERE "cats"."id" = $1 LIMIT $2[0m  [["id", 10], ["LIMIT", 1]]
  ↳ app/controllers/cats_controller.rb:22:in `update'
  [1m[36mTRANSACTION (0.2ms)[0m  [1m[35mBEGIN[0m
  ↳ app/controllers/cats_controller.rb:23:in `update'
  [1m[36mCat Update (0.3ms)[0m  [1m[33mUPDATE "cats" SET "description" = $1, "updated_at" = $2 WHERE "cats"."id" = $3[0m  [["description", "web changed"], ["updated_at", "2022-11-12 01:09:09.144212"], ["id", 10]]
  ↳ app/controllers/cats_controller.rb:23:in `update'
  [1m[36mTRANSACTION (10.6ms)[0m  [1m[35mCOMMIT[0m
  ↳ app/controllers/cats_controller.rb:23:in `update'
Redirected to http://localhost:3000/cats/10
Completed 302 Found in 22ms (ActiveRecord: 11.3ms | Allocations: 2495)


Started GET "/cats/10" for ::1 at 2022-11-11 17:09:09 -0800
Processing by CatsController#show as HTML
  Parameters: {"id"=>"10"}
  [1m[36mCat Load (0.3ms)[0m  [1m[34mSELECT "cats".* FROM "cats" WHERE "cats"."id" = $1 LIMIT $2[0m  [["id", 10], ["LIMIT", 1]]
  ↳ app/controllers/cats_controller.rb:8:in `show'
  Rendering layout layouts/application.html.erb
  Rendering cats/show.html.erb within layouts/application
  Rendered cats/_table.html.erb (Duration: 0.1ms | Allocations: 27)
  Rendered cats/show.html.erb within layouts/application (Duration: 0.4ms | Allocations: 87)
  Rendered layout layouts/application.html.erb (Duration: 3.5ms | Allocations: 1192)
Completed 200 OK in 6ms (Views: 4.3ms | ActiveRecord: 0.3ms | Allocations: 1884)


Started GET "/cats/new" for ::1 at 2022-11-11 17:09:27 -0800
Processing by CatsController#new as HTML
  Rendering layout layouts/application.html.erb
  Rendering cats/new.html.erb within layouts/application
  Rendered cats/_form.html.erb (Duration: 0.2ms | Allocations: 53)
  Rendered cats/new.html.erb within layouts/application (Duration: 1.7ms | Allocations: 207)
  Rendered layout layouts/application.html.erb (Duration: 4.0ms | Allocations: 1335)
Completed 200 OK in 5ms (Views: 4.8ms | ActiveRecord: 0.0ms | Allocations: 1623)


Started POST "/cats" for ::1 at 2022-11-11 17:09:42 -0800
Processing by CatsController#create as HTML
  Parameters: {"cat"=>{"name"=>"second cat created", "birth_date"=>"2022-12-10", "color"=>"white", "sex"=>"M", "description"=>""}}
Redirected to http://localhost:3000/cats/new
Completed 302 Found in 6ms (ActiveRecord: 0.0ms | Allocations: 908)


Started GET "/cats/new" for ::1 at 2022-11-11 17:09:42 -0800
Processing by CatsController#new as HTML
  Rendering layout layouts/application.html.erb
  Rendering cats/new.html.erb within layouts/application
  Rendered cats/_form.html.erb (Duration: 0.2ms | Allocations: 51)
  Rendered cats/new.html.erb within layouts/application (Duration: 0.3ms | Allocations: 111)
  Rendered layout layouts/application.html.erb (Duration: 2.3ms | Allocations: 1239)
Completed 200 OK in 3ms (Views: 2.8ms | ActiveRecord: 0.0ms | Allocations: 1444)


  [1m[35m (0.1ms)[0m  [1m[34mSELECT pg_try_advisory_lock(723150122408807205)[0m
  [1m[36mActiveRecord::SchemaMigration Pluck (0.5ms)[0m  [1m[34mSELECT "schema_migrations"."version" FROM "schema_migrations" ORDER BY "schema_migrations"."version" ASC[0m
Migrating to CreateCatRentalRequests (20221112011219)
  [1m[36mTRANSACTION (14.7ms)[0m  [1m[35mBEGIN[0m
  [1m[35m (15.3ms)[0m  [1m[35mCREATE TABLE "cat_rental_requests" ("id" bigserial primary key, "cat_id" bigint NOT NULL, "start_date" date NOT NULL, "end_date" date NOT NULL, "status" character varying DEFAULT 'PENDING' NOT NULL, "created_at" timestamp(6) NOT NULL, "updated_at" timestamp(6) NOT NULL, CONSTRAINT "fk_rails_9c8580551f"
FOREIGN KEY ("cat_id")
  REFERENCES "cats" ("id")
)[0m
  [1m[35m (1.1ms)[0m  [1m[35mCREATE INDEX "index_cat_rental_requests_on_cat_id" ON "cat_rental_requests" ("cat_id")[0m
  [1m[36mActiveRecord::SchemaMigration Create (0.4ms)[0m  [1m[32mINSERT INTO "schema_migrations" ("version") VALUES ($1) RETURNING "version"[0m  [["version", "20221112011219"]]
  [1m[36mTRANSACTION (0.5ms)[0m  [1m[35mCOMMIT[0m
  [1m[36mActiveRecord::InternalMetadata Load (0.4ms)[0m  [1m[34mSELECT "ar_internal_metadata".* FROM "ar_internal_metadata" WHERE "ar_internal_metadata"."key" = $1 LIMIT $2[0m  [["key", "environment"], ["LIMIT", 1]]
  [1m[35m (0.3ms)[0m  [1m[34mSELECT pg_advisory_unlock(723150122408807205)[0m
  [1m[36mActiveRecord::SchemaMigration Pluck (0.9ms)[0m  [1m[34mSELECT "schema_migrations"."version" FROM "schema_migrations" ORDER BY "schema_migrations"."version" ASC[0m
  [1m[36mActiveRecord::SchemaMigration Pluck (0.5ms)[0m  [1m[34mSELECT "schema_migrations"."version" FROM "schema_migrations" ORDER BY "schema_migrations"."version" ASC[0m
